2025-04-24 10:04:28,076 - ResourceManager.getResource() parse exception
org.apache.velocity.exception.ParseErrorException: Encountered "#else\n" at templates/ejercicio4.vtl[line 137, column 5]
Was expecting one of:
    <EOF> 
    "(" ...
    <RPAREN> ...
    <ESCAPE_DIRECTIVE> ...
    <SET_DIRECTIVE> ...
    "##" ...
    "\\\\" ...
    "\\" ...
    <TEXT> ...
    "*#" ...
    "*#" ...
    "]]#" ...
    <STRING_LITERAL> ...
    <IF_DIRECTIVE> ...
    <INTEGER_LITERAL> ...
    <FLOATING_POINT_LITERAL> ...
    <WORD> ...
    <BRACKETED_WORD> ...
    <IDENTIFIER> ...
    <DOT> ...
    "{" ...
    "}" ...
    <EMPTY_INDEX> ...
    
	at org.apache.velocity.Template.process(Template.java:151)
	at org.apache.velocity.runtime.resource.ResourceManagerImpl.loadResource(ResourceManagerImpl.java:437)
	at org.apache.velocity.runtime.resource.ResourceManagerImpl.getResource(ResourceManagerImpl.java:352)
	at org.apache.velocity.runtime.RuntimeInstance.getTemplate(RuntimeInstance.java:1533)
	at org.apache.velocity.runtime.directive.Parse.render(Parse.java:197)
	at org.apache.velocity.runtime.parser.node.ASTDirective.render(ASTDirective.java:207)
	at org.apache.velocity.runtime.parser.node.SimpleNode.render(SimpleNode.java:342)
	at org.apache.velocity.Template.merge(Template.java:356)
	at org.apache.velocity.Template.merge(Template.java:260)
	at spark.template.velocity.VelocityTemplateEngine.render(VelocityTemplateEngine.java:73)
	at com.unsl.spark.ejerc4.ViajeControlador.lambda$static$1(ViajeControlador.java:65)
	at spark.RouteImpl$1.handle(RouteImpl.java:72)
	at spark.http.matching.Routes.execute(Routes.java:61)
	at spark.http.matching.MatcherFilter.doFilter(MatcherFilter.java:130)
	at spark.embeddedserver.jetty.JettyHandler.doHandle(JettyHandler.java:50)
	at org.eclipse.jetty.server.session.SessionHandler.doScope(SessionHandler.java:1568)
	at org.eclipse.jetty.server.handler.ScopedHandler.handle(ScopedHandler.java:141)
	at org.eclipse.jetty.server.handler.HandlerWrapper.handle(HandlerWrapper.java:132)
	at org.eclipse.jetty.server.Server.handle(Server.java:564)
	at org.eclipse.jetty.server.HttpChannel.handle(HttpChannel.java:317)
	at org.eclipse.jetty.server.HttpConnection.onFillable(HttpConnection.java:251)
	at org.eclipse.jetty.io.AbstractConnection$ReadCallback.succeeded(AbstractConnection.java:279)
	at org.eclipse.jetty.io.FillInterest.fillable(FillInterest.java:110)
	at org.eclipse.jetty.io.ChannelEndPoint$2.run(ChannelEndPoint.java:124)
	at org.eclipse.jetty.util.thread.Invocable.invokePreferred(Invocable.java:128)
	at org.eclipse.jetty.util.thread.Invocable$InvocableExecutor.invoke(Invocable.java:222)
	at org.eclipse.jetty.util.thread.strategy.EatWhatYouKill.doProduce(EatWhatYouKill.java:294)
	at org.eclipse.jetty.util.thread.strategy.EatWhatYouKill.run(EatWhatYouKill.java:199)
	at org.eclipse.jetty.util.thread.QueuedThreadPool.runJob(QueuedThreadPool.java:673)
	at org.eclipse.jetty.util.thread.QueuedThreadPool$2.run(QueuedThreadPool.java:591)
	at java.base/java.lang.Thread.run(Thread.java:842)
2025-04-24 10:04:28,076 - #parse(): syntax error in #parse()-ed template 'templates/ejercicio4.vtl', called at templates/layout.vtl[line 8, column 7]
2025-04-24 10:06:28,921 - Log4JLogChute initialized using file 'velocity.log'
2025-04-24 10:06:28,921 - Initializing Velocity, Calling init()...
2025-04-24 10:06:28,921 - Starting Apache Velocity v1.7 (compiled: 2010-11-19 12:14:37)
2025-04-24 10:06:28,921 - Default Properties File: org\apache\velocity\runtime\defaults\velocity.properties
2025-04-24 10:06:28,921 - Trying to use logger class org.apache.velocity.runtime.log.AvalonLogChute
2025-04-24 10:06:28,921 - Target log system for org.apache.velocity.runtime.log.AvalonLogChute is not available (java.lang.NoClassDefFoundError: org/apache/log/format/Formatter).  Falling back to next log system...
2025-04-24 10:06:28,921 - Trying to use logger class org.apache.velocity.runtime.log.Log4JLogChute
2025-04-24 10:06:28,921 - Using logger class org.apache.velocity.runtime.log.Log4JLogChute
2025-04-24 10:06:28,921 - ResourceLoader instantiated: org.apache.velocity.runtime.resource.loader.ClasspathResourceLoader
2025-04-24 10:06:28,934 - ResourceCache: initialized (class org.apache.velocity.runtime.resource.ResourceCacheImpl) with class java.util.Collections$SynchronizedMap cache map.
2025-04-24 10:06:28,934 - Loaded System Directive: org.apache.velocity.runtime.directive.Stop
2025-04-24 10:06:28,937 - Loaded System Directive: org.apache.velocity.runtime.directive.Define
2025-04-24 10:06:28,937 - Loaded System Directive: org.apache.velocity.runtime.directive.Break
2025-04-24 10:06:28,937 - Loaded System Directive: org.apache.velocity.runtime.directive.Evaluate
2025-04-24 10:06:28,937 - Loaded System Directive: org.apache.velocity.runtime.directive.Literal
2025-04-24 10:06:28,939 - Loaded System Directive: org.apache.velocity.runtime.directive.Macro
2025-04-24 10:06:28,939 - Loaded System Directive: org.apache.velocity.runtime.directive.Parse
2025-04-24 10:06:28,939 - Loaded System Directive: org.apache.velocity.runtime.directive.Include
2025-04-24 10:06:28,939 - Loaded System Directive: org.apache.velocity.runtime.directive.Foreach
2025-04-24 10:06:28,963 - Created '20' parsers.
2025-04-24 10:06:28,966 - Velocimacro : "velocimacro.library" is not set.  Trying default library: VM_global_library.vm
2025-04-24 10:06:28,966 - Could not load resource 'VM_global_library.vm' from ResourceLoader org.apache.velocity.runtime.resource.loader.ClasspathResourceLoader: ClasspathResourceLoader Error: cannot find resource VM_global_library.vm
2025-04-24 10:06:28,966 - Velocimacro : Default library not found.
2025-04-24 10:06:28,966 - Velocimacro : allowInline = true : VMs can be defined inline in templates
2025-04-24 10:06:28,966 - Velocimacro : allowInlineToOverride = false : VMs defined inline may NOT replace previous VM definitions
2025-04-24 10:06:28,966 - Velocimacro : allowInlineLocal = false : VMs defined inline will be global in scope if allowed.
2025-04-24 10:06:28,966 - Velocimacro : autoload off : VM system will not automatically reload global library macros
2025-04-24 10:06:28,977 - ResourceManager : found templates/layout.vtl with loader org.apache.velocity.runtime.resource.loader.ClasspathResourceLoader
2025-04-24 10:06:28,983 - ResourceManager : found templates/ejercicio4.vtl with loader org.apache.velocity.runtime.resource.loader.ClasspathResourceLoader
2025-04-24 10:06:28,983 - Left side ($viajes.size()) of '>' operation has null value at templates/ejercicio4.vtl[line 123, column 37]
2025-04-24 10:06:28,983 - Left side ($viajesOpc.size()) of '>' operation has null value at templates/ejercicio4.vtl[line 156, column 40]
2025-04-24 10:10:29,898 - Log4JLogChute initialized using file 'velocity.log'
2025-04-24 10:10:29,899 - Initializing Velocity, Calling init()...
2025-04-24 10:10:29,899 - Starting Apache Velocity v1.7 (compiled: 2010-11-19 12:14:37)
2025-04-24 10:10:29,899 - Default Properties File: org\apache\velocity\runtime\defaults\velocity.properties
2025-04-24 10:10:29,899 - Trying to use logger class org.apache.velocity.runtime.log.AvalonLogChute
2025-04-24 10:10:29,899 - Target log system for org.apache.velocity.runtime.log.AvalonLogChute is not available (java.lang.NoClassDefFoundError: org/apache/log/format/Formatter).  Falling back to next log system...
2025-04-24 10:10:29,899 - Trying to use logger class org.apache.velocity.runtime.log.Log4JLogChute
2025-04-24 10:10:29,899 - Using logger class org.apache.velocity.runtime.log.Log4JLogChute
2025-04-24 10:10:29,901 - ResourceLoader instantiated: org.apache.velocity.runtime.resource.loader.ClasspathResourceLoader
2025-04-24 10:10:29,909 - ResourceCache: initialized (class org.apache.velocity.runtime.resource.ResourceCacheImpl) with class java.util.Collections$SynchronizedMap cache map.
2025-04-24 10:10:29,910 - Loaded System Directive: org.apache.velocity.runtime.directive.Stop
2025-04-24 10:10:29,912 - Loaded System Directive: org.apache.velocity.runtime.directive.Define
2025-04-24 10:10:29,912 - Loaded System Directive: org.apache.velocity.runtime.directive.Break
2025-04-24 10:10:29,913 - Loaded System Directive: org.apache.velocity.runtime.directive.Evaluate
2025-04-24 10:10:29,913 - Loaded System Directive: org.apache.velocity.runtime.directive.Literal
2025-04-24 10:10:29,914 - Loaded System Directive: org.apache.velocity.runtime.directive.Macro
2025-04-24 10:10:29,915 - Loaded System Directive: org.apache.velocity.runtime.directive.Parse
2025-04-24 10:10:29,915 - Loaded System Directive: org.apache.velocity.runtime.directive.Include
2025-04-24 10:10:29,916 - Loaded System Directive: org.apache.velocity.runtime.directive.Foreach
2025-04-24 10:10:29,937 - Created '20' parsers.
2025-04-24 10:10:29,939 - Velocimacro : "velocimacro.library" is not set.  Trying default library: VM_global_library.vm
2025-04-24 10:10:29,940 - Could not load resource 'VM_global_library.vm' from ResourceLoader org.apache.velocity.runtime.resource.loader.ClasspathResourceLoader: ClasspathResourceLoader Error: cannot find resource VM_global_library.vm
2025-04-24 10:10:29,940 - Velocimacro : Default library not found.
2025-04-24 10:10:29,940 - Velocimacro : allowInline = true : VMs can be defined inline in templates
2025-04-24 10:10:29,940 - Velocimacro : allowInlineToOverride = false : VMs defined inline may NOT replace previous VM definitions
2025-04-24 10:10:29,940 - Velocimacro : allowInlineLocal = false : VMs defined inline will be global in scope if allowed.
2025-04-24 10:10:29,940 - Velocimacro : autoload off : VM system will not automatically reload global library macros
2025-04-24 10:10:29,952 - ResourceManager : found templates/layout.vtl with loader org.apache.velocity.runtime.resource.loader.ClasspathResourceLoader
2025-04-24 10:10:29,959 - Parser Exception: templates/ejercicio4.vtl
org.apache.velocity.runtime.parser.ParseException: Encountered "<EOF>" at line 182, column 1.
Was expecting one of:
    "(" ...
    <RPAREN> ...
    <ESCAPE_DIRECTIVE> ...
    <SET_DIRECTIVE> ...
    "##" ...
    "\\\\" ...
    "\\" ...
    <TEXT> ...
    "*#" ...
    "*#" ...
    "]]#" ...
    <STRING_LITERAL> ...
    <END> ...
    <IF_DIRECTIVE> ...
    <ELSEIF_DIRECTIVE> ...
    <ELSE_DIRECTIVE> ...
    <INTEGER_LITERAL> ...
    <FLOATING_POINT_LITERAL> ...
    <WORD> ...
    <BRACKETED_WORD> ...
    <IDENTIFIER> ...
    <DOT> ...
    "{" ...
    "}" ...
    <EMPTY_INDEX> ...
    
	at org.apache.velocity.runtime.parser.Parser.generateParseException(Parser.java:3679)
	at org.apache.velocity.runtime.parser.Parser.jj_consume_token(Parser.java:3558)
	at org.apache.velocity.runtime.parser.Parser.IfStatement(Parser.java:1740)
	at org.apache.velocity.runtime.parser.Parser.Statement(Parser.java:352)
	at org.apache.velocity.runtime.parser.Parser.process(Parser.java:317)
	at org.apache.velocity.runtime.parser.Parser.parse(Parser.java:117)
	at org.apache.velocity.runtime.RuntimeInstance.parse(RuntimeInstance.java:1226)
	at org.apache.velocity.runtime.RuntimeInstance.parse(RuntimeInstance.java:1181)
	at org.apache.velocity.Template.process(Template.java:134)
	at org.apache.velocity.runtime.resource.ResourceManagerImpl.loadResource(ResourceManagerImpl.java:437)
	at org.apache.velocity.runtime.resource.ResourceManagerImpl.getResource(ResourceManagerImpl.java:352)
	at org.apache.velocity.runtime.RuntimeInstance.getTemplate(RuntimeInstance.java:1533)
	at org.apache.velocity.runtime.directive.Parse.render(Parse.java:197)
	at org.apache.velocity.runtime.parser.node.ASTDirective.render(ASTDirective.java:207)
	at org.apache.velocity.runtime.parser.node.SimpleNode.render(SimpleNode.java:342)
	at org.apache.velocity.Template.merge(Template.java:356)
	at org.apache.velocity.Template.merge(Template.java:260)
	at spark.template.velocity.VelocityTemplateEngine.render(VelocityTemplateEngine.java:73)
	at com.unsl.spark.ejerc4.ViajeControlador.lambda$static$0(ViajeControlador.java:36)
	at spark.RouteImpl$1.handle(RouteImpl.java:72)
	at spark.http.matching.Routes.execute(Routes.java:61)
	at spark.http.matching.MatcherFilter.doFilter(MatcherFilter.java:130)
	at spark.embeddedserver.jetty.JettyHandler.doHandle(JettyHandler.java:50)
	at org.eclipse.jetty.server.session.SessionHandler.doScope(SessionHandler.java:1568)
	at org.eclipse.jetty.server.handler.ScopedHandler.handle(ScopedHandler.java:141)
	at org.eclipse.jetty.server.handler.HandlerWrapper.handle(HandlerWrapper.java:132)
	at org.eclipse.jetty.server.Server.handle(Server.java:564)
	at org.eclipse.jetty.server.HttpChannel.handle(HttpChannel.java:317)
	at org.eclipse.jetty.server.HttpConnection.onFillable(HttpConnection.java:251)
	at org.eclipse.jetty.io.AbstractConnection$ReadCallback.succeeded(AbstractConnection.java:279)
	at org.eclipse.jetty.io.FillInterest.fillable(FillInterest.java:110)
	at org.eclipse.jetty.io.ChannelEndPoint$2.run(ChannelEndPoint.java:124)
	at org.eclipse.jetty.util.thread.Invocable.invokePreferred(Invocable.java:128)
	at org.eclipse.jetty.util.thread.Invocable$InvocableExecutor.invoke(Invocable.java:222)
	at org.eclipse.jetty.util.thread.strategy.EatWhatYouKill.doProduce(EatWhatYouKill.java:294)
	at org.eclipse.jetty.util.thread.strategy.EatWhatYouKill.produce(EatWhatYouKill.java:126)
	at org.eclipse.jetty.util.thread.QueuedThreadPool.runJob(QueuedThreadPool.java:673)
	at org.eclipse.jetty.util.thread.QueuedThreadPool$2.run(QueuedThreadPool.java:591)
	at java.base/java.lang.Thread.run(Thread.java:842)
2025-04-24 10:10:29,962 - ResourceManager.getResource() parse exception
org.apache.velocity.exception.ParseErrorException: Encountered "<EOF>" at templates/ejercicio4.vtl[line 182, column 1]
Was expecting one of:
    "(" ...
    <RPAREN> ...
    <ESCAPE_DIRECTIVE> ...
    <SET_DIRECTIVE> ...
    "##" ...
    "\\\\" ...
    "\\" ...
    <TEXT> ...
    "*#" ...
    "*#" ...
    "]]#" ...
    <STRING_LITERAL> ...
    <END> ...
    <IF_DIRECTIVE> ...
    <ELSEIF_DIRECTIVE> ...
    <ELSE_DIRECTIVE> ...
    <INTEGER_LITERAL> ...
    <FLOATING_POINT_LITERAL> ...
    <WORD> ...
    <BRACKETED_WORD> ...
    <IDENTIFIER> ...
    <DOT> ...
    "{" ...
    "}" ...
    <EMPTY_INDEX> ...
    
	at org.apache.velocity.Template.process(Template.java:151)
	at org.apache.velocity.runtime.resource.ResourceManagerImpl.loadResource(ResourceManagerImpl.java:437)
	at org.apache.velocity.runtime.resource.ResourceManagerImpl.getResource(ResourceManagerImpl.java:352)
	at org.apache.velocity.runtime.RuntimeInstance.getTemplate(RuntimeInstance.java:1533)
	at org.apache.velocity.runtime.directive.Parse.render(Parse.java:197)
	at org.apache.velocity.runtime.parser.node.ASTDirective.render(ASTDirective.java:207)
	at org.apache.velocity.runtime.parser.node.SimpleNode.render(SimpleNode.java:342)
	at org.apache.velocity.Template.merge(Template.java:356)
	at org.apache.velocity.Template.merge(Template.java:260)
	at spark.template.velocity.VelocityTemplateEngine.render(VelocityTemplateEngine.java:73)
	at com.unsl.spark.ejerc4.ViajeControlador.lambda$static$0(ViajeControlador.java:36)
	at spark.RouteImpl$1.handle(RouteImpl.java:72)
	at spark.http.matching.Routes.execute(Routes.java:61)
	at spark.http.matching.MatcherFilter.doFilter(MatcherFilter.java:130)
	at spark.embeddedserver.jetty.JettyHandler.doHandle(JettyHandler.java:50)
	at org.eclipse.jetty.server.session.SessionHandler.doScope(SessionHandler.java:1568)
	at org.eclipse.jetty.server.handler.ScopedHandler.handle(ScopedHandler.java:141)
	at org.eclipse.jetty.server.handler.HandlerWrapper.handle(HandlerWrapper.java:132)
	at org.eclipse.jetty.server.Server.handle(Server.java:564)
	at org.eclipse.jetty.server.HttpChannel.handle(HttpChannel.java:317)
	at org.eclipse.jetty.server.HttpConnection.onFillable(HttpConnection.java:251)
	at org.eclipse.jetty.io.AbstractConnection$ReadCallback.succeeded(AbstractConnection.java:279)
	at org.eclipse.jetty.io.FillInterest.fillable(FillInterest.java:110)
	at org.eclipse.jetty.io.ChannelEndPoint$2.run(ChannelEndPoint.java:124)
	at org.eclipse.jetty.util.thread.Invocable.invokePreferred(Invocable.java:128)
	at org.eclipse.jetty.util.thread.Invocable$InvocableExecutor.invoke(Invocable.java:222)
	at org.eclipse.jetty.util.thread.strategy.EatWhatYouKill.doProduce(EatWhatYouKill.java:294)
	at org.eclipse.jetty.util.thread.strategy.EatWhatYouKill.produce(EatWhatYouKill.java:126)
	at org.eclipse.jetty.util.thread.QueuedThreadPool.runJob(QueuedThreadPool.java:673)
	at org.eclipse.jetty.util.thread.QueuedThreadPool$2.run(QueuedThreadPool.java:591)
	at java.base/java.lang.Thread.run(Thread.java:842)
2025-04-24 10:10:29,962 - #parse(): syntax error in #parse()-ed template 'templates/ejercicio4.vtl', called at templates/layout.vtl[line 8, column 7]
2025-04-24 10:10:49,728 - Log4JLogChute initialized using file 'velocity.log'
2025-04-24 10:10:49,728 - Log4JLogChute initialized using file 'velocity.log'
2025-04-24 10:10:49,728 - Initializing Velocity, Calling init()...
2025-04-24 10:10:49,728 - Initializing Velocity, Calling init()...
2025-04-24 10:10:49,728 - Starting Apache Velocity v1.7 (compiled: 2010-11-19 12:14:37)
2025-04-24 10:10:49,728 - Starting Apache Velocity v1.7 (compiled: 2010-11-19 12:14:37)
2025-04-24 10:10:49,728 - Default Properties File: org\apache\velocity\runtime\defaults\velocity.properties
2025-04-24 10:10:49,728 - Default Properties File: org\apache\velocity\runtime\defaults\velocity.properties
2025-04-24 10:10:49,728 - Trying to use logger class org.apache.velocity.runtime.log.AvalonLogChute
2025-04-24 10:10:49,728 - Trying to use logger class org.apache.velocity.runtime.log.AvalonLogChute
2025-04-24 10:10:49,728 - Target log system for org.apache.velocity.runtime.log.AvalonLogChute is not available (java.lang.NoClassDefFoundError: org/apache/log/format/Formatter).  Falling back to next log system...
2025-04-24 10:10:49,728 - Target log system for org.apache.velocity.runtime.log.AvalonLogChute is not available (java.lang.NoClassDefFoundError: org/apache/log/format/Formatter).  Falling back to next log system...
2025-04-24 10:10:49,728 - Trying to use logger class org.apache.velocity.runtime.log.Log4JLogChute
2025-04-24 10:10:49,728 - Trying to use logger class org.apache.velocity.runtime.log.Log4JLogChute
2025-04-24 10:10:49,729 - Using logger class org.apache.velocity.runtime.log.Log4JLogChute
2025-04-24 10:10:49,729 - Using logger class org.apache.velocity.runtime.log.Log4JLogChute
2025-04-24 10:10:49,729 - ResourceLoader instantiated: org.apache.velocity.runtime.resource.loader.ClasspathResourceLoader
2025-04-24 10:10:49,729 - ResourceLoader instantiated: org.apache.velocity.runtime.resource.loader.ClasspathResourceLoader
2025-04-24 10:10:49,729 - ResourceCache: initialized (class org.apache.velocity.runtime.resource.ResourceCacheImpl) with class java.util.Collections$SynchronizedMap cache map.
2025-04-24 10:10:49,729 - ResourceCache: initialized (class org.apache.velocity.runtime.resource.ResourceCacheImpl) with class java.util.Collections$SynchronizedMap cache map.
2025-04-24 10:10:49,729 - Loaded System Directive: org.apache.velocity.runtime.directive.Stop
2025-04-24 10:10:49,729 - Loaded System Directive: org.apache.velocity.runtime.directive.Stop
2025-04-24 10:10:49,729 - Loaded System Directive: org.apache.velocity.runtime.directive.Define
2025-04-24 10:10:49,729 - Loaded System Directive: org.apache.velocity.runtime.directive.Define
2025-04-24 10:10:49,729 - Loaded System Directive: org.apache.velocity.runtime.directive.Break
2025-04-24 10:10:49,729 - Loaded System Directive: org.apache.velocity.runtime.directive.Break
2025-04-24 10:10:49,729 - Loaded System Directive: org.apache.velocity.runtime.directive.Evaluate
2025-04-24 10:10:49,729 - Loaded System Directive: org.apache.velocity.runtime.directive.Evaluate
2025-04-24 10:10:49,730 - Loaded System Directive: org.apache.velocity.runtime.directive.Literal
2025-04-24 10:10:49,730 - Loaded System Directive: org.apache.velocity.runtime.directive.Literal
2025-04-24 10:10:49,730 - Loaded System Directive: org.apache.velocity.runtime.directive.Macro
2025-04-24 10:10:49,730 - Loaded System Directive: org.apache.velocity.runtime.directive.Macro
2025-04-24 10:10:49,730 - Loaded System Directive: org.apache.velocity.runtime.directive.Parse
2025-04-24 10:10:49,730 - Loaded System Directive: org.apache.velocity.runtime.directive.Parse
2025-04-24 10:10:49,730 - Loaded System Directive: org.apache.velocity.runtime.directive.Include
2025-04-24 10:10:49,730 - Loaded System Directive: org.apache.velocity.runtime.directive.Include
2025-04-24 10:10:49,730 - Loaded System Directive: org.apache.velocity.runtime.directive.Foreach
2025-04-24 10:10:49,730 - Loaded System Directive: org.apache.velocity.runtime.directive.Foreach
2025-04-24 10:10:49,731 - Created '20' parsers.
2025-04-24 10:10:49,731 - Created '20' parsers.
2025-04-24 10:10:49,732 - Velocimacro : "velocimacro.library" is not set.  Trying default library: VM_global_library.vm
2025-04-24 10:10:49,732 - Velocimacro : "velocimacro.library" is not set.  Trying default library: VM_global_library.vm
2025-04-24 10:10:49,732 - Could not load resource 'VM_global_library.vm' from ResourceLoader org.apache.velocity.runtime.resource.loader.ClasspathResourceLoader: ClasspathResourceLoader Error: cannot find resource VM_global_library.vm
2025-04-24 10:10:49,732 - Could not load resource 'VM_global_library.vm' from ResourceLoader org.apache.velocity.runtime.resource.loader.ClasspathResourceLoader: ClasspathResourceLoader Error: cannot find resource VM_global_library.vm
2025-04-24 10:10:49,732 - Velocimacro : Default library not found.
2025-04-24 10:10:49,732 - Velocimacro : Default library not found.
2025-04-24 10:10:49,732 - Velocimacro : allowInline = true : VMs can be defined inline in templates
2025-04-24 10:10:49,732 - Velocimacro : allowInline = true : VMs can be defined inline in templates
2025-04-24 10:10:49,732 - Velocimacro : allowInlineToOverride = false : VMs defined inline may NOT replace previous VM definitions
2025-04-24 10:10:49,732 - Velocimacro : allowInlineToOverride = false : VMs defined inline may NOT replace previous VM definitions
2025-04-24 10:10:49,732 - Velocimacro : allowInlineLocal = false : VMs defined inline will be global in scope if allowed.
2025-04-24 10:10:49,732 - Velocimacro : allowInlineLocal = false : VMs defined inline will be global in scope if allowed.
2025-04-24 10:10:49,732 - Velocimacro : autoload off : VM system will not automatically reload global library macros
2025-04-24 10:10:49,732 - Velocimacro : autoload off : VM system will not automatically reload global library macros
2025-04-24 10:10:49,733 - ResourceManager : found templates/layout.vtl with loader org.apache.velocity.runtime.resource.loader.ClasspathResourceLoader
2025-04-24 10:10:49,733 - ResourceManager : found templates/layout.vtl with loader org.apache.velocity.runtime.resource.loader.ClasspathResourceLoader
2025-04-24 10:10:49,737 - ResourceManager : found templates/ejercicio4.vtl with loader org.apache.velocity.runtime.resource.loader.ClasspathResourceLoader
2025-04-24 10:10:49,737 - ResourceManager : found templates/ejercicio4.vtl with loader org.apache.velocity.runtime.resource.loader.ClasspathResourceLoader
2025-04-24 10:10:49,745 - Left side ($accion) of '==' operation has null value. If it is a reference, it may not be in the context or its toString() returned null. templates/ejercicio4.vtl[line 108, column 15]
2025-04-24 10:10:49,745 - Left side ($accion) of '==' operation has null value. If it is a reference, it may not be in the context or its toString() returned null. templates/ejercicio4.vtl[line 108, column 15]
2025-04-24 10:10:49,745 - Left side ($accion) of '==' operation has null value. If it is a reference, it may not be in the context or its toString() returned null. templates/ejercicio4.vtl[line 108, column 31]
2025-04-24 10:10:49,745 - Left side ($accion) of '==' operation has null value. If it is a reference, it may not be in the context or its toString() returned null. templates/ejercicio4.vtl[line 108, column 31]
2025-04-24 10:10:49,745 - Left side ($accion) of '==' operation has null value. If it is a reference, it may not be in the context or its toString() returned null. templates/ejercicio4.vtl[line 143, column 15]
2025-04-24 10:10:49,745 - Left side ($accion) of '==' operation has null value. If it is a reference, it may not be in the context or its toString() returned null. templates/ejercicio4.vtl[line 143, column 15]
2025-04-24 10:10:50,105 - Log4JLogChute initialized using file 'velocity.log'
2025-04-24 10:10:50,105 - Log4JLogChute initialized using file 'velocity.log'
2025-04-24 10:10:50,105 - Log4JLogChute initialized using file 'velocity.log'
2025-04-24 10:10:50,105 - Initializing Velocity, Calling init()...
2025-04-24 10:10:50,105 - Initializing Velocity, Calling init()...
2025-04-24 10:10:50,105 - Initializing Velocity, Calling init()...
2025-04-24 10:10:50,105 - Starting Apache Velocity v1.7 (compiled: 2010-11-19 12:14:37)
2025-04-24 10:10:50,105 - Starting Apache Velocity v1.7 (compiled: 2010-11-19 12:14:37)
2025-04-24 10:10:50,105 - Starting Apache Velocity v1.7 (compiled: 2010-11-19 12:14:37)
2025-04-24 10:10:50,105 - Default Properties File: org\apache\velocity\runtime\defaults\velocity.properties
2025-04-24 10:10:50,105 - Default Properties File: org\apache\velocity\runtime\defaults\velocity.properties
2025-04-24 10:10:50,105 - Default Properties File: org\apache\velocity\runtime\defaults\velocity.properties
2025-04-24 10:10:50,105 - Trying to use logger class org.apache.velocity.runtime.log.AvalonLogChute
2025-04-24 10:10:50,105 - Trying to use logger class org.apache.velocity.runtime.log.AvalonLogChute
2025-04-24 10:10:50,105 - Trying to use logger class org.apache.velocity.runtime.log.AvalonLogChute
2025-04-24 10:10:50,105 - Target log system for org.apache.velocity.runtime.log.AvalonLogChute is not available (java.lang.NoClassDefFoundError: org/apache/log/format/Formatter).  Falling back to next log system...
2025-04-24 10:10:50,105 - Target log system for org.apache.velocity.runtime.log.AvalonLogChute is not available (java.lang.NoClassDefFoundError: org/apache/log/format/Formatter).  Falling back to next log system...
2025-04-24 10:10:50,105 - Target log system for org.apache.velocity.runtime.log.AvalonLogChute is not available (java.lang.NoClassDefFoundError: org/apache/log/format/Formatter).  Falling back to next log system...
2025-04-24 10:10:50,105 - Trying to use logger class org.apache.velocity.runtime.log.Log4JLogChute
2025-04-24 10:10:50,105 - Trying to use logger class org.apache.velocity.runtime.log.Log4JLogChute
2025-04-24 10:10:50,105 - Trying to use logger class org.apache.velocity.runtime.log.Log4JLogChute
2025-04-24 10:10:50,105 - Using logger class org.apache.velocity.runtime.log.Log4JLogChute
2025-04-24 10:10:50,105 - Using logger class org.apache.velocity.runtime.log.Log4JLogChute
2025-04-24 10:10:50,105 - Using logger class org.apache.velocity.runtime.log.Log4JLogChute
2025-04-24 10:10:50,105 - ResourceLoader instantiated: org.apache.velocity.runtime.resource.loader.ClasspathResourceLoader
2025-04-24 10:10:50,105 - ResourceLoader instantiated: org.apache.velocity.runtime.resource.loader.ClasspathResourceLoader
2025-04-24 10:10:50,105 - ResourceLoader instantiated: org.apache.velocity.runtime.resource.loader.ClasspathResourceLoader
2025-04-24 10:10:50,105 - ResourceCache: initialized (class org.apache.velocity.runtime.resource.ResourceCacheImpl) with class java.util.Collections$SynchronizedMap cache map.
2025-04-24 10:10:50,105 - ResourceCache: initialized (class org.apache.velocity.runtime.resource.ResourceCacheImpl) with class java.util.Collections$SynchronizedMap cache map.
2025-04-24 10:10:50,105 - ResourceCache: initialized (class org.apache.velocity.runtime.resource.ResourceCacheImpl) with class java.util.Collections$SynchronizedMap cache map.
2025-04-24 10:10:50,106 - Loaded System Directive: org.apache.velocity.runtime.directive.Stop
2025-04-24 10:10:50,106 - Loaded System Directive: org.apache.velocity.runtime.directive.Stop
2025-04-24 10:10:50,106 - Loaded System Directive: org.apache.velocity.runtime.directive.Stop
2025-04-24 10:10:50,106 - Loaded System Directive: org.apache.velocity.runtime.directive.Define
2025-04-24 10:10:50,106 - Loaded System Directive: org.apache.velocity.runtime.directive.Define
2025-04-24 10:10:50,106 - Loaded System Directive: org.apache.velocity.runtime.directive.Define
2025-04-24 10:10:50,106 - Loaded System Directive: org.apache.velocity.runtime.directive.Break
2025-04-24 10:10:50,106 - Loaded System Directive: org.apache.velocity.runtime.directive.Break
2025-04-24 10:10:50,106 - Loaded System Directive: org.apache.velocity.runtime.directive.Break
2025-04-24 10:10:50,106 - Loaded System Directive: org.apache.velocity.runtime.directive.Evaluate
2025-04-24 10:10:50,106 - Loaded System Directive: org.apache.velocity.runtime.directive.Evaluate
2025-04-24 10:10:50,106 - Loaded System Directive: org.apache.velocity.runtime.directive.Evaluate
2025-04-24 10:10:50,106 - Loaded System Directive: org.apache.velocity.runtime.directive.Literal
2025-04-24 10:10:50,106 - Loaded System Directive: org.apache.velocity.runtime.directive.Literal
2025-04-24 10:10:50,106 - Loaded System Directive: org.apache.velocity.runtime.directive.Literal
2025-04-24 10:10:50,106 - Loaded System Directive: org.apache.velocity.runtime.directive.Macro
2025-04-24 10:10:50,106 - Loaded System Directive: org.apache.velocity.runtime.directive.Macro
2025-04-24 10:10:50,106 - Loaded System Directive: org.apache.velocity.runtime.directive.Macro
2025-04-24 10:10:50,106 - Loaded System Directive: org.apache.velocity.runtime.directive.Parse
2025-04-24 10:10:50,106 - Loaded System Directive: org.apache.velocity.runtime.directive.Parse
2025-04-24 10:10:50,106 - Loaded System Directive: org.apache.velocity.runtime.directive.Parse
2025-04-24 10:10:50,106 - Loaded System Directive: org.apache.velocity.runtime.directive.Include
2025-04-24 10:10:50,106 - Loaded System Directive: org.apache.velocity.runtime.directive.Include
2025-04-24 10:10:50,106 - Loaded System Directive: org.apache.velocity.runtime.directive.Include
2025-04-24 10:10:50,106 - Loaded System Directive: org.apache.velocity.runtime.directive.Foreach
2025-04-24 10:10:50,106 - Loaded System Directive: org.apache.velocity.runtime.directive.Foreach
2025-04-24 10:10:50,106 - Loaded System Directive: org.apache.velocity.runtime.directive.Foreach
2025-04-24 10:10:50,108 - Created '20' parsers.
2025-04-24 10:10:50,108 - Created '20' parsers.
2025-04-24 10:10:50,108 - Created '20' parsers.
2025-04-24 10:10:50,109 - Velocimacro : "velocimacro.library" is not set.  Trying default library: VM_global_library.vm
2025-04-24 10:10:50,109 - Velocimacro : "velocimacro.library" is not set.  Trying default library: VM_global_library.vm
2025-04-24 10:10:50,109 - Velocimacro : "velocimacro.library" is not set.  Trying default library: VM_global_library.vm
2025-04-24 10:10:50,109 - Could not load resource 'VM_global_library.vm' from ResourceLoader org.apache.velocity.runtime.resource.loader.ClasspathResourceLoader: ClasspathResourceLoader Error: cannot find resource VM_global_library.vm
2025-04-24 10:10:50,109 - Could not load resource 'VM_global_library.vm' from ResourceLoader org.apache.velocity.runtime.resource.loader.ClasspathResourceLoader: ClasspathResourceLoader Error: cannot find resource VM_global_library.vm
2025-04-24 10:10:50,109 - Could not load resource 'VM_global_library.vm' from ResourceLoader org.apache.velocity.runtime.resource.loader.ClasspathResourceLoader: ClasspathResourceLoader Error: cannot find resource VM_global_library.vm
2025-04-24 10:10:50,109 - Velocimacro : Default library not found.
2025-04-24 10:10:50,109 - Velocimacro : Default library not found.
2025-04-24 10:10:50,109 - Velocimacro : Default library not found.
2025-04-24 10:10:50,109 - Velocimacro : allowInline = true : VMs can be defined inline in templates
2025-04-24 10:10:50,109 - Velocimacro : allowInline = true : VMs can be defined inline in templates
2025-04-24 10:10:50,109 - Velocimacro : allowInline = true : VMs can be defined inline in templates
2025-04-24 10:10:50,109 - Velocimacro : allowInlineToOverride = false : VMs defined inline may NOT replace previous VM definitions
2025-04-24 10:10:50,109 - Velocimacro : allowInlineToOverride = false : VMs defined inline may NOT replace previous VM definitions
2025-04-24 10:10:50,109 - Velocimacro : allowInlineToOverride = false : VMs defined inline may NOT replace previous VM definitions
2025-04-24 10:10:50,109 - Velocimacro : allowInlineLocal = false : VMs defined inline will be global in scope if allowed.
2025-04-24 10:10:50,109 - Velocimacro : allowInlineLocal = false : VMs defined inline will be global in scope if allowed.
2025-04-24 10:10:50,109 - Velocimacro : allowInlineLocal = false : VMs defined inline will be global in scope if allowed.
2025-04-24 10:10:50,109 - Velocimacro : autoload off : VM system will not automatically reload global library macros
2025-04-24 10:10:50,109 - Velocimacro : autoload off : VM system will not automatically reload global library macros
2025-04-24 10:10:50,109 - Velocimacro : autoload off : VM system will not automatically reload global library macros
2025-04-24 10:10:50,110 - ResourceManager : found templates/layout.vtl with loader org.apache.velocity.runtime.resource.loader.ClasspathResourceLoader
2025-04-24 10:10:50,110 - ResourceManager : found templates/layout.vtl with loader org.apache.velocity.runtime.resource.loader.ClasspathResourceLoader
2025-04-24 10:10:50,110 - ResourceManager : found templates/layout.vtl with loader org.apache.velocity.runtime.resource.loader.ClasspathResourceLoader
2025-04-24 10:10:50,113 - ResourceManager : found templates/ejercicio4.vtl with loader org.apache.velocity.runtime.resource.loader.ClasspathResourceLoader
2025-04-24 10:10:50,113 - ResourceManager : found templates/ejercicio4.vtl with loader org.apache.velocity.runtime.resource.loader.ClasspathResourceLoader
2025-04-24 10:10:50,113 - ResourceManager : found templates/ejercicio4.vtl with loader org.apache.velocity.runtime.resource.loader.ClasspathResourceLoader
2025-04-24 10:10:50,113 - Left side ($accion) of '==' operation has null value. If it is a reference, it may not be in the context or its toString() returned null. templates/ejercicio4.vtl[line 108, column 15]
2025-04-24 10:10:50,113 - Left side ($accion) of '==' operation has null value. If it is a reference, it may not be in the context or its toString() returned null. templates/ejercicio4.vtl[line 108, column 15]
2025-04-24 10:10:50,113 - Left side ($accion) of '==' operation has null value. If it is a reference, it may not be in the context or its toString() returned null. templates/ejercicio4.vtl[line 108, column 15]
2025-04-24 10:10:50,113 - Left side ($accion) of '==' operation has null value. If it is a reference, it may not be in the context or its toString() returned null. templates/ejercicio4.vtl[line 108, column 31]
2025-04-24 10:10:50,113 - Left side ($accion) of '==' operation has null value. If it is a reference, it may not be in the context or its toString() returned null. templates/ejercicio4.vtl[line 108, column 31]
2025-04-24 10:10:50,113 - Left side ($accion) of '==' operation has null value. If it is a reference, it may not be in the context or its toString() returned null. templates/ejercicio4.vtl[line 108, column 31]
2025-04-24 10:10:50,113 - Left side ($accion) of '==' operation has null value. If it is a reference, it may not be in the context or its toString() returned null. templates/ejercicio4.vtl[line 143, column 15]
2025-04-24 10:10:50,113 - Left side ($accion) of '==' operation has null value. If it is a reference, it may not be in the context or its toString() returned null. templates/ejercicio4.vtl[line 143, column 15]
2025-04-24 10:10:50,113 - Left side ($accion) of '==' operation has null value. If it is a reference, it may not be in the context or its toString() returned null. templates/ejercicio4.vtl[line 143, column 15]
2025-04-24 10:11:01,261 - Log4JLogChute initialized using file 'velocity.log'
2025-04-24 10:11:01,261 - Log4JLogChute initialized using file 'velocity.log'
2025-04-24 10:11:01,261 - Log4JLogChute initialized using file 'velocity.log'
2025-04-24 10:11:01,261 - Log4JLogChute initialized using file 'velocity.log'
2025-04-24 10:11:01,261 - Initializing Velocity, Calling init()...
2025-04-24 10:11:01,261 - Initializing Velocity, Calling init()...
2025-04-24 10:11:01,261 - Initializing Velocity, Calling init()...
2025-04-24 10:11:01,261 - Initializing Velocity, Calling init()...
2025-04-24 10:11:01,261 - Starting Apache Velocity v1.7 (compiled: 2010-11-19 12:14:37)
2025-04-24 10:11:01,261 - Starting Apache Velocity v1.7 (compiled: 2010-11-19 12:14:37)
2025-04-24 10:11:01,261 - Starting Apache Velocity v1.7 (compiled: 2010-11-19 12:14:37)
2025-04-24 10:11:01,261 - Starting Apache Velocity v1.7 (compiled: 2010-11-19 12:14:37)
2025-04-24 10:11:01,261 - Default Properties File: org\apache\velocity\runtime\defaults\velocity.properties
2025-04-24 10:11:01,261 - Default Properties File: org\apache\velocity\runtime\defaults\velocity.properties
2025-04-24 10:11:01,261 - Default Properties File: org\apache\velocity\runtime\defaults\velocity.properties
2025-04-24 10:11:01,261 - Default Properties File: org\apache\velocity\runtime\defaults\velocity.properties
2025-04-24 10:11:01,261 - Trying to use logger class org.apache.velocity.runtime.log.AvalonLogChute
2025-04-24 10:11:01,261 - Trying to use logger class org.apache.velocity.runtime.log.AvalonLogChute
2025-04-24 10:11:01,261 - Trying to use logger class org.apache.velocity.runtime.log.AvalonLogChute
2025-04-24 10:11:01,261 - Trying to use logger class org.apache.velocity.runtime.log.AvalonLogChute
2025-04-24 10:11:01,261 - Target log system for org.apache.velocity.runtime.log.AvalonLogChute is not available (java.lang.NoClassDefFoundError: org/apache/log/format/Formatter).  Falling back to next log system...
2025-04-24 10:11:01,261 - Target log system for org.apache.velocity.runtime.log.AvalonLogChute is not available (java.lang.NoClassDefFoundError: org/apache/log/format/Formatter).  Falling back to next log system...
2025-04-24 10:11:01,261 - Target log system for org.apache.velocity.runtime.log.AvalonLogChute is not available (java.lang.NoClassDefFoundError: org/apache/log/format/Formatter).  Falling back to next log system...
2025-04-24 10:11:01,261 - Target log system for org.apache.velocity.runtime.log.AvalonLogChute is not available (java.lang.NoClassDefFoundError: org/apache/log/format/Formatter).  Falling back to next log system...
2025-04-24 10:11:01,262 - Trying to use logger class org.apache.velocity.runtime.log.Log4JLogChute
2025-04-24 10:11:01,262 - Trying to use logger class org.apache.velocity.runtime.log.Log4JLogChute
2025-04-24 10:11:01,262 - Trying to use logger class org.apache.velocity.runtime.log.Log4JLogChute
2025-04-24 10:11:01,262 - Trying to use logger class org.apache.velocity.runtime.log.Log4JLogChute
2025-04-24 10:11:01,262 - Using logger class org.apache.velocity.runtime.log.Log4JLogChute
2025-04-24 10:11:01,262 - Using logger class org.apache.velocity.runtime.log.Log4JLogChute
2025-04-24 10:11:01,262 - Using logger class org.apache.velocity.runtime.log.Log4JLogChute
2025-04-24 10:11:01,262 - Using logger class org.apache.velocity.runtime.log.Log4JLogChute
2025-04-24 10:11:01,262 - ResourceLoader instantiated: org.apache.velocity.runtime.resource.loader.ClasspathResourceLoader
2025-04-24 10:11:01,262 - ResourceLoader instantiated: org.apache.velocity.runtime.resource.loader.ClasspathResourceLoader
2025-04-24 10:11:01,262 - ResourceLoader instantiated: org.apache.velocity.runtime.resource.loader.ClasspathResourceLoader
2025-04-24 10:11:01,262 - ResourceLoader instantiated: org.apache.velocity.runtime.resource.loader.ClasspathResourceLoader
2025-04-24 10:11:01,262 - ResourceCache: initialized (class org.apache.velocity.runtime.resource.ResourceCacheImpl) with class java.util.Collections$SynchronizedMap cache map.
2025-04-24 10:11:01,262 - ResourceCache: initialized (class org.apache.velocity.runtime.resource.ResourceCacheImpl) with class java.util.Collections$SynchronizedMap cache map.
2025-04-24 10:11:01,262 - ResourceCache: initialized (class org.apache.velocity.runtime.resource.ResourceCacheImpl) with class java.util.Collections$SynchronizedMap cache map.
2025-04-24 10:11:01,262 - ResourceCache: initialized (class org.apache.velocity.runtime.resource.ResourceCacheImpl) with class java.util.Collections$SynchronizedMap cache map.
2025-04-24 10:11:01,263 - Loaded System Directive: org.apache.velocity.runtime.directive.Stop
2025-04-24 10:11:01,263 - Loaded System Directive: org.apache.velocity.runtime.directive.Stop
2025-04-24 10:11:01,263 - Loaded System Directive: org.apache.velocity.runtime.directive.Stop
2025-04-24 10:11:01,263 - Loaded System Directive: org.apache.velocity.runtime.directive.Stop
2025-04-24 10:11:01,263 - Loaded System Directive: org.apache.velocity.runtime.directive.Define
2025-04-24 10:11:01,263 - Loaded System Directive: org.apache.velocity.runtime.directive.Define
2025-04-24 10:11:01,263 - Loaded System Directive: org.apache.velocity.runtime.directive.Define
2025-04-24 10:11:01,263 - Loaded System Directive: org.apache.velocity.runtime.directive.Define
2025-04-24 10:11:01,263 - Loaded System Directive: org.apache.velocity.runtime.directive.Break
2025-04-24 10:11:01,263 - Loaded System Directive: org.apache.velocity.runtime.directive.Break
2025-04-24 10:11:01,263 - Loaded System Directive: org.apache.velocity.runtime.directive.Break
2025-04-24 10:11:01,263 - Loaded System Directive: org.apache.velocity.runtime.directive.Break
2025-04-24 10:11:01,263 - Loaded System Directive: org.apache.velocity.runtime.directive.Evaluate
2025-04-24 10:11:01,263 - Loaded System Directive: org.apache.velocity.runtime.directive.Evaluate
2025-04-24 10:11:01,263 - Loaded System Directive: org.apache.velocity.runtime.directive.Evaluate
2025-04-24 10:11:01,263 - Loaded System Directive: org.apache.velocity.runtime.directive.Evaluate
2025-04-24 10:11:01,263 - Loaded System Directive: org.apache.velocity.runtime.directive.Literal
2025-04-24 10:11:01,263 - Loaded System Directive: org.apache.velocity.runtime.directive.Literal
2025-04-24 10:11:01,263 - Loaded System Directive: org.apache.velocity.runtime.directive.Literal
2025-04-24 10:11:01,263 - Loaded System Directive: org.apache.velocity.runtime.directive.Literal
2025-04-24 10:11:01,264 - Loaded System Directive: org.apache.velocity.runtime.directive.Macro
2025-04-24 10:11:01,264 - Loaded System Directive: org.apache.velocity.runtime.directive.Macro
2025-04-24 10:11:01,264 - Loaded System Directive: org.apache.velocity.runtime.directive.Macro
2025-04-24 10:11:01,264 - Loaded System Directive: org.apache.velocity.runtime.directive.Macro
2025-04-24 10:11:01,264 - Loaded System Directive: org.apache.velocity.runtime.directive.Parse
2025-04-24 10:11:01,264 - Loaded System Directive: org.apache.velocity.runtime.directive.Parse
2025-04-24 10:11:01,264 - Loaded System Directive: org.apache.velocity.runtime.directive.Parse
2025-04-24 10:11:01,264 - Loaded System Directive: org.apache.velocity.runtime.directive.Parse
2025-04-24 10:11:01,264 - Loaded System Directive: org.apache.velocity.runtime.directive.Include
2025-04-24 10:11:01,264 - Loaded System Directive: org.apache.velocity.runtime.directive.Include
2025-04-24 10:11:01,264 - Loaded System Directive: org.apache.velocity.runtime.directive.Include
2025-04-24 10:11:01,264 - Loaded System Directive: org.apache.velocity.runtime.directive.Include
2025-04-24 10:11:01,264 - Loaded System Directive: org.apache.velocity.runtime.directive.Foreach
2025-04-24 10:11:01,264 - Loaded System Directive: org.apache.velocity.runtime.directive.Foreach
2025-04-24 10:11:01,264 - Loaded System Directive: org.apache.velocity.runtime.directive.Foreach
2025-04-24 10:11:01,264 - Loaded System Directive: org.apache.velocity.runtime.directive.Foreach
2025-04-24 10:11:01,266 - Created '20' parsers.
2025-04-24 10:11:01,266 - Created '20' parsers.
2025-04-24 10:11:01,266 - Created '20' parsers.
2025-04-24 10:11:01,266 - Created '20' parsers.
2025-04-24 10:11:01,266 - Velocimacro : "velocimacro.library" is not set.  Trying default library: VM_global_library.vm
2025-04-24 10:11:01,266 - Velocimacro : "velocimacro.library" is not set.  Trying default library: VM_global_library.vm
2025-04-24 10:11:01,266 - Velocimacro : "velocimacro.library" is not set.  Trying default library: VM_global_library.vm
2025-04-24 10:11:01,266 - Velocimacro : "velocimacro.library" is not set.  Trying default library: VM_global_library.vm
2025-04-24 10:11:01,266 - Could not load resource 'VM_global_library.vm' from ResourceLoader org.apache.velocity.runtime.resource.loader.ClasspathResourceLoader: ClasspathResourceLoader Error: cannot find resource VM_global_library.vm
2025-04-24 10:11:01,266 - Could not load resource 'VM_global_library.vm' from ResourceLoader org.apache.velocity.runtime.resource.loader.ClasspathResourceLoader: ClasspathResourceLoader Error: cannot find resource VM_global_library.vm
2025-04-24 10:11:01,266 - Could not load resource 'VM_global_library.vm' from ResourceLoader org.apache.velocity.runtime.resource.loader.ClasspathResourceLoader: ClasspathResourceLoader Error: cannot find resource VM_global_library.vm
2025-04-24 10:11:01,266 - Could not load resource 'VM_global_library.vm' from ResourceLoader org.apache.velocity.runtime.resource.loader.ClasspathResourceLoader: ClasspathResourceLoader Error: cannot find resource VM_global_library.vm
2025-04-24 10:11:01,266 - Velocimacro : Default library not found.
2025-04-24 10:11:01,266 - Velocimacro : Default library not found.
2025-04-24 10:11:01,266 - Velocimacro : Default library not found.
2025-04-24 10:11:01,266 - Velocimacro : Default library not found.
2025-04-24 10:11:01,267 - Velocimacro : allowInline = true : VMs can be defined inline in templates
2025-04-24 10:11:01,267 - Velocimacro : allowInline = true : VMs can be defined inline in templates
2025-04-24 10:11:01,267 - Velocimacro : allowInline = true : VMs can be defined inline in templates
2025-04-24 10:11:01,267 - Velocimacro : allowInline = true : VMs can be defined inline in templates
2025-04-24 10:11:01,267 - Velocimacro : allowInlineToOverride = false : VMs defined inline may NOT replace previous VM definitions
2025-04-24 10:11:01,267 - Velocimacro : allowInlineToOverride = false : VMs defined inline may NOT replace previous VM definitions
2025-04-24 10:11:01,267 - Velocimacro : allowInlineToOverride = false : VMs defined inline may NOT replace previous VM definitions
2025-04-24 10:11:01,267 - Velocimacro : allowInlineToOverride = false : VMs defined inline may NOT replace previous VM definitions
2025-04-24 10:11:01,267 - Velocimacro : allowInlineLocal = false : VMs defined inline will be global in scope if allowed.
2025-04-24 10:11:01,267 - Velocimacro : allowInlineLocal = false : VMs defined inline will be global in scope if allowed.
2025-04-24 10:11:01,267 - Velocimacro : allowInlineLocal = false : VMs defined inline will be global in scope if allowed.
2025-04-24 10:11:01,267 - Velocimacro : allowInlineLocal = false : VMs defined inline will be global in scope if allowed.
2025-04-24 10:11:01,267 - Velocimacro : autoload off : VM system will not automatically reload global library macros
2025-04-24 10:11:01,267 - Velocimacro : autoload off : VM system will not automatically reload global library macros
2025-04-24 10:11:01,267 - Velocimacro : autoload off : VM system will not automatically reload global library macros
2025-04-24 10:11:01,267 - Velocimacro : autoload off : VM system will not automatically reload global library macros
2025-04-24 10:11:01,269 - ResourceManager : found templates/layout.vtl with loader org.apache.velocity.runtime.resource.loader.ClasspathResourceLoader
2025-04-24 10:11:01,269 - ResourceManager : found templates/layout.vtl with loader org.apache.velocity.runtime.resource.loader.ClasspathResourceLoader
2025-04-24 10:11:01,269 - ResourceManager : found templates/layout.vtl with loader org.apache.velocity.runtime.resource.loader.ClasspathResourceLoader
2025-04-24 10:11:01,269 - ResourceManager : found templates/layout.vtl with loader org.apache.velocity.runtime.resource.loader.ClasspathResourceLoader
2025-04-24 10:11:01,275 - ResourceManager : found templates/ejercicio4.vtl with loader org.apache.velocity.runtime.resource.loader.ClasspathResourceLoader
2025-04-24 10:11:01,275 - ResourceManager : found templates/ejercicio4.vtl with loader org.apache.velocity.runtime.resource.loader.ClasspathResourceLoader
2025-04-24 10:11:01,275 - ResourceManager : found templates/ejercicio4.vtl with loader org.apache.velocity.runtime.resource.loader.ClasspathResourceLoader
2025-04-24 10:11:01,275 - ResourceManager : found templates/ejercicio4.vtl with loader org.apache.velocity.runtime.resource.loader.ClasspathResourceLoader
2025-04-24 10:11:24,345 - Log4JLogChute initialized using file 'velocity.log'
2025-04-24 10:11:24,345 - Log4JLogChute initialized using file 'velocity.log'
2025-04-24 10:11:24,345 - Initializing Velocity, Calling init()...
2025-04-24 10:11:24,345 - Initializing Velocity, Calling init()...
2025-04-24 10:11:24,345 - Starting Apache Velocity v1.7 (compiled: 2010-11-19 12:14:37)
2025-04-24 10:11:24,345 - Starting Apache Velocity v1.7 (compiled: 2010-11-19 12:14:37)
2025-04-24 10:11:24,345 - Default Properties File: org\apache\velocity\runtime\defaults\velocity.properties
2025-04-24 10:11:24,345 - Default Properties File: org\apache\velocity\runtime\defaults\velocity.properties
2025-04-24 10:11:24,345 - Trying to use logger class org.apache.velocity.runtime.log.AvalonLogChute
2025-04-24 10:11:24,345 - Trying to use logger class org.apache.velocity.runtime.log.AvalonLogChute
2025-04-24 10:11:24,345 - Target log system for org.apache.velocity.runtime.log.AvalonLogChute is not available (java.lang.NoClassDefFoundError: org/apache/log/format/Formatter).  Falling back to next log system...
2025-04-24 10:11:24,345 - Target log system for org.apache.velocity.runtime.log.AvalonLogChute is not available (java.lang.NoClassDefFoundError: org/apache/log/format/Formatter).  Falling back to next log system...
2025-04-24 10:11:24,345 - Trying to use logger class org.apache.velocity.runtime.log.Log4JLogChute
2025-04-24 10:11:24,345 - Trying to use logger class org.apache.velocity.runtime.log.Log4JLogChute
2025-04-24 10:11:24,345 - Using logger class org.apache.velocity.runtime.log.Log4JLogChute
2025-04-24 10:11:24,345 - Using logger class org.apache.velocity.runtime.log.Log4JLogChute
2025-04-24 10:11:24,345 - ResourceLoader instantiated: org.apache.velocity.runtime.resource.loader.ClasspathResourceLoader
2025-04-24 10:11:24,345 - ResourceLoader instantiated: org.apache.velocity.runtime.resource.loader.ClasspathResourceLoader
2025-04-24 10:11:24,345 - ResourceCache: initialized (class org.apache.velocity.runtime.resource.ResourceCacheImpl) with class java.util.Collections$SynchronizedMap cache map.
2025-04-24 10:11:24,345 - ResourceCache: initialized (class org.apache.velocity.runtime.resource.ResourceCacheImpl) with class java.util.Collections$SynchronizedMap cache map.
2025-04-24 10:11:24,346 - Loaded System Directive: org.apache.velocity.runtime.directive.Stop
2025-04-24 10:11:24,346 - Loaded System Directive: org.apache.velocity.runtime.directive.Stop
2025-04-24 10:11:24,346 - Loaded System Directive: org.apache.velocity.runtime.directive.Define
2025-04-24 10:11:24,346 - Loaded System Directive: org.apache.velocity.runtime.directive.Define
2025-04-24 10:11:24,346 - Loaded System Directive: org.apache.velocity.runtime.directive.Break
2025-04-24 10:11:24,346 - Loaded System Directive: org.apache.velocity.runtime.directive.Break
2025-04-24 10:11:24,346 - Loaded System Directive: org.apache.velocity.runtime.directive.Evaluate
2025-04-24 10:11:24,346 - Loaded System Directive: org.apache.velocity.runtime.directive.Evaluate
2025-04-24 10:11:24,346 - Loaded System Directive: org.apache.velocity.runtime.directive.Literal
2025-04-24 10:11:24,346 - Loaded System Directive: org.apache.velocity.runtime.directive.Literal
2025-04-24 10:11:24,346 - Loaded System Directive: org.apache.velocity.runtime.directive.Macro
2025-04-24 10:11:24,346 - Loaded System Directive: org.apache.velocity.runtime.directive.Macro
2025-04-24 10:11:24,346 - Loaded System Directive: org.apache.velocity.runtime.directive.Parse
2025-04-24 10:11:24,346 - Loaded System Directive: org.apache.velocity.runtime.directive.Parse
2025-04-24 10:11:24,346 - Loaded System Directive: org.apache.velocity.runtime.directive.Include
2025-04-24 10:11:24,346 - Loaded System Directive: org.apache.velocity.runtime.directive.Include
2025-04-24 10:11:24,346 - Loaded System Directive: org.apache.velocity.runtime.directive.Foreach
2025-04-24 10:11:24,346 - Loaded System Directive: org.apache.velocity.runtime.directive.Foreach
2025-04-24 10:11:24,346 - Created '20' parsers.
2025-04-24 10:11:24,346 - Created '20' parsers.
2025-04-24 10:11:24,346 - Velocimacro : "velocimacro.library" is not set.  Trying default library: VM_global_library.vm
2025-04-24 10:11:24,346 - Velocimacro : "velocimacro.library" is not set.  Trying default library: VM_global_library.vm
2025-04-24 10:11:24,347 - Could not load resource 'VM_global_library.vm' from ResourceLoader org.apache.velocity.runtime.resource.loader.ClasspathResourceLoader: ClasspathResourceLoader Error: cannot find resource VM_global_library.vm
2025-04-24 10:11:24,347 - Could not load resource 'VM_global_library.vm' from ResourceLoader org.apache.velocity.runtime.resource.loader.ClasspathResourceLoader: ClasspathResourceLoader Error: cannot find resource VM_global_library.vm
2025-04-24 10:11:24,347 - Velocimacro : Default library not found.
2025-04-24 10:11:24,347 - Velocimacro : Default library not found.
2025-04-24 10:11:24,347 - Velocimacro : allowInline = true : VMs can be defined inline in templates
2025-04-24 10:11:24,347 - Velocimacro : allowInline = true : VMs can be defined inline in templates
2025-04-24 10:11:24,347 - Velocimacro : allowInlineToOverride = false : VMs defined inline may NOT replace previous VM definitions
2025-04-24 10:11:24,347 - Velocimacro : allowInlineToOverride = false : VMs defined inline may NOT replace previous VM definitions
2025-04-24 10:11:24,347 - Velocimacro : allowInlineLocal = false : VMs defined inline will be global in scope if allowed.
2025-04-24 10:11:24,347 - Velocimacro : allowInlineLocal = false : VMs defined inline will be global in scope if allowed.
2025-04-24 10:11:24,347 - Velocimacro : autoload off : VM system will not automatically reload global library macros
2025-04-24 10:11:24,347 - Velocimacro : autoload off : VM system will not automatically reload global library macros
2025-04-24 10:11:24,348 - ResourceManager : found templates/layout.vtl with loader org.apache.velocity.runtime.resource.loader.ClasspathResourceLoader
2025-04-24 10:11:24,348 - ResourceManager : found templates/layout.vtl with loader org.apache.velocity.runtime.resource.loader.ClasspathResourceLoader
2025-04-24 10:11:24,350 - ResourceManager : found templates/ejercicio4.vtl with loader org.apache.velocity.runtime.resource.loader.ClasspathResourceLoader
2025-04-24 10:11:24,350 - ResourceManager : found templates/ejercicio4.vtl with loader org.apache.velocity.runtime.resource.loader.ClasspathResourceLoader
2025-04-24 10:11:45,745 - Log4JLogChute initialized using file 'velocity.log'
2025-04-24 10:11:45,745 - Log4JLogChute initialized using file 'velocity.log'
2025-04-24 10:11:45,745 - Log4JLogChute initialized using file 'velocity.log'
2025-04-24 10:11:45,745 - Initializing Velocity, Calling init()...
2025-04-24 10:11:45,745 - Initializing Velocity, Calling init()...
2025-04-24 10:11:45,745 - Initializing Velocity, Calling init()...
2025-04-24 10:11:45,745 - Starting Apache Velocity v1.7 (compiled: 2010-11-19 12:14:37)
2025-04-24 10:11:45,745 - Starting Apache Velocity v1.7 (compiled: 2010-11-19 12:14:37)
2025-04-24 10:11:45,745 - Starting Apache Velocity v1.7 (compiled: 2010-11-19 12:14:37)
2025-04-24 10:11:45,745 - Default Properties File: org\apache\velocity\runtime\defaults\velocity.properties
2025-04-24 10:11:45,745 - Default Properties File: org\apache\velocity\runtime\defaults\velocity.properties
2025-04-24 10:11:45,745 - Default Properties File: org\apache\velocity\runtime\defaults\velocity.properties
2025-04-24 10:11:45,745 - Trying to use logger class org.apache.velocity.runtime.log.AvalonLogChute
2025-04-24 10:11:45,745 - Trying to use logger class org.apache.velocity.runtime.log.AvalonLogChute
2025-04-24 10:11:45,745 - Trying to use logger class org.apache.velocity.runtime.log.AvalonLogChute
2025-04-24 10:11:45,745 - Target log system for org.apache.velocity.runtime.log.AvalonLogChute is not available (java.lang.NoClassDefFoundError: org/apache/log/format/Formatter).  Falling back to next log system...
2025-04-24 10:11:45,745 - Target log system for org.apache.velocity.runtime.log.AvalonLogChute is not available (java.lang.NoClassDefFoundError: org/apache/log/format/Formatter).  Falling back to next log system...
2025-04-24 10:11:45,745 - Target log system for org.apache.velocity.runtime.log.AvalonLogChute is not available (java.lang.NoClassDefFoundError: org/apache/log/format/Formatter).  Falling back to next log system...
2025-04-24 10:11:45,745 - Trying to use logger class org.apache.velocity.runtime.log.Log4JLogChute
2025-04-24 10:11:45,745 - Trying to use logger class org.apache.velocity.runtime.log.Log4JLogChute
2025-04-24 10:11:45,745 - Trying to use logger class org.apache.velocity.runtime.log.Log4JLogChute
2025-04-24 10:11:45,745 - Using logger class org.apache.velocity.runtime.log.Log4JLogChute
2025-04-24 10:11:45,745 - Using logger class org.apache.velocity.runtime.log.Log4JLogChute
2025-04-24 10:11:45,745 - Using logger class org.apache.velocity.runtime.log.Log4JLogChute
2025-04-24 10:11:45,745 - ResourceLoader instantiated: org.apache.velocity.runtime.resource.loader.ClasspathResourceLoader
2025-04-24 10:11:45,745 - ResourceLoader instantiated: org.apache.velocity.runtime.resource.loader.ClasspathResourceLoader
2025-04-24 10:11:45,745 - ResourceLoader instantiated: org.apache.velocity.runtime.resource.loader.ClasspathResourceLoader
2025-04-24 10:11:45,745 - ResourceCache: initialized (class org.apache.velocity.runtime.resource.ResourceCacheImpl) with class java.util.Collections$SynchronizedMap cache map.
2025-04-24 10:11:45,745 - ResourceCache: initialized (class org.apache.velocity.runtime.resource.ResourceCacheImpl) with class java.util.Collections$SynchronizedMap cache map.
2025-04-24 10:11:45,745 - ResourceCache: initialized (class org.apache.velocity.runtime.resource.ResourceCacheImpl) with class java.util.Collections$SynchronizedMap cache map.
2025-04-24 10:11:45,745 - Loaded System Directive: org.apache.velocity.runtime.directive.Stop
2025-04-24 10:11:45,745 - Loaded System Directive: org.apache.velocity.runtime.directive.Stop
2025-04-24 10:11:45,745 - Loaded System Directive: org.apache.velocity.runtime.directive.Stop
2025-04-24 10:11:45,745 - Loaded System Directive: org.apache.velocity.runtime.directive.Define
2025-04-24 10:11:45,745 - Loaded System Directive: org.apache.velocity.runtime.directive.Define
2025-04-24 10:11:45,745 - Loaded System Directive: org.apache.velocity.runtime.directive.Define
2025-04-24 10:11:45,745 - Loaded System Directive: org.apache.velocity.runtime.directive.Break
2025-04-24 10:11:45,745 - Loaded System Directive: org.apache.velocity.runtime.directive.Break
2025-04-24 10:11:45,745 - Loaded System Directive: org.apache.velocity.runtime.directive.Break
2025-04-24 10:11:45,745 - Loaded System Directive: org.apache.velocity.runtime.directive.Evaluate
2025-04-24 10:11:45,745 - Loaded System Directive: org.apache.velocity.runtime.directive.Evaluate
2025-04-24 10:11:45,745 - Loaded System Directive: org.apache.velocity.runtime.directive.Evaluate
2025-04-24 10:11:45,745 - Loaded System Directive: org.apache.velocity.runtime.directive.Literal
2025-04-24 10:11:45,745 - Loaded System Directive: org.apache.velocity.runtime.directive.Literal
2025-04-24 10:11:45,745 - Loaded System Directive: org.apache.velocity.runtime.directive.Literal
2025-04-24 10:11:45,745 - Loaded System Directive: org.apache.velocity.runtime.directive.Macro
2025-04-24 10:11:45,745 - Loaded System Directive: org.apache.velocity.runtime.directive.Macro
2025-04-24 10:11:45,745 - Loaded System Directive: org.apache.velocity.runtime.directive.Macro
2025-04-24 10:11:45,745 - Loaded System Directive: org.apache.velocity.runtime.directive.Parse
2025-04-24 10:11:45,745 - Loaded System Directive: org.apache.velocity.runtime.directive.Parse
2025-04-24 10:11:45,745 - Loaded System Directive: org.apache.velocity.runtime.directive.Parse
2025-04-24 10:11:45,745 - Loaded System Directive: org.apache.velocity.runtime.directive.Include
2025-04-24 10:11:45,745 - Loaded System Directive: org.apache.velocity.runtime.directive.Include
2025-04-24 10:11:45,745 - Loaded System Directive: org.apache.velocity.runtime.directive.Include
2025-04-24 10:11:45,745 - Loaded System Directive: org.apache.velocity.runtime.directive.Foreach
2025-04-24 10:11:45,745 - Loaded System Directive: org.apache.velocity.runtime.directive.Foreach
2025-04-24 10:11:45,745 - Loaded System Directive: org.apache.velocity.runtime.directive.Foreach
2025-04-24 10:11:45,745 - Created '20' parsers.
2025-04-24 10:11:45,745 - Created '20' parsers.
2025-04-24 10:11:45,745 - Created '20' parsers.
2025-04-24 10:11:45,745 - Velocimacro : "velocimacro.library" is not set.  Trying default library: VM_global_library.vm
2025-04-24 10:11:45,745 - Velocimacro : "velocimacro.library" is not set.  Trying default library: VM_global_library.vm
2025-04-24 10:11:45,745 - Velocimacro : "velocimacro.library" is not set.  Trying default library: VM_global_library.vm
2025-04-24 10:11:45,745 - Could not load resource 'VM_global_library.vm' from ResourceLoader org.apache.velocity.runtime.resource.loader.ClasspathResourceLoader: ClasspathResourceLoader Error: cannot find resource VM_global_library.vm
2025-04-24 10:11:45,745 - Could not load resource 'VM_global_library.vm' from ResourceLoader org.apache.velocity.runtime.resource.loader.ClasspathResourceLoader: ClasspathResourceLoader Error: cannot find resource VM_global_library.vm
2025-04-24 10:11:45,745 - Could not load resource 'VM_global_library.vm' from ResourceLoader org.apache.velocity.runtime.resource.loader.ClasspathResourceLoader: ClasspathResourceLoader Error: cannot find resource VM_global_library.vm
2025-04-24 10:11:45,745 - Velocimacro : Default library not found.
2025-04-24 10:11:45,745 - Velocimacro : Default library not found.
2025-04-24 10:11:45,745 - Velocimacro : Default library not found.
2025-04-24 10:11:45,745 - Velocimacro : allowInline = true : VMs can be defined inline in templates
2025-04-24 10:11:45,745 - Velocimacro : allowInline = true : VMs can be defined inline in templates
2025-04-24 10:11:45,745 - Velocimacro : allowInline = true : VMs can be defined inline in templates
2025-04-24 10:11:45,745 - Velocimacro : allowInlineToOverride = false : VMs defined inline may NOT replace previous VM definitions
2025-04-24 10:11:45,745 - Velocimacro : allowInlineToOverride = false : VMs defined inline may NOT replace previous VM definitions
2025-04-24 10:11:45,745 - Velocimacro : allowInlineToOverride = false : VMs defined inline may NOT replace previous VM definitions
2025-04-24 10:11:45,745 - Velocimacro : allowInlineLocal = false : VMs defined inline will be global in scope if allowed.
2025-04-24 10:11:45,745 - Velocimacro : allowInlineLocal = false : VMs defined inline will be global in scope if allowed.
2025-04-24 10:11:45,745 - Velocimacro : allowInlineLocal = false : VMs defined inline will be global in scope if allowed.
2025-04-24 10:11:45,745 - Velocimacro : autoload off : VM system will not automatically reload global library macros
2025-04-24 10:11:45,745 - Velocimacro : autoload off : VM system will not automatically reload global library macros
2025-04-24 10:11:45,745 - Velocimacro : autoload off : VM system will not automatically reload global library macros
2025-04-24 10:11:45,745 - ResourceManager : found templates/layout.vtl with loader org.apache.velocity.runtime.resource.loader.ClasspathResourceLoader
2025-04-24 10:11:45,745 - ResourceManager : found templates/layout.vtl with loader org.apache.velocity.runtime.resource.loader.ClasspathResourceLoader
2025-04-24 10:11:45,745 - ResourceManager : found templates/layout.vtl with loader org.apache.velocity.runtime.resource.loader.ClasspathResourceLoader
2025-04-24 10:11:45,760 - ResourceManager : found templates/ejercicio4.vtl with loader org.apache.velocity.runtime.resource.loader.ClasspathResourceLoader
2025-04-24 10:11:45,760 - ResourceManager : found templates/ejercicio4.vtl with loader org.apache.velocity.runtime.resource.loader.ClasspathResourceLoader
2025-04-24 10:11:45,760 - ResourceManager : found templates/ejercicio4.vtl with loader org.apache.velocity.runtime.resource.loader.ClasspathResourceLoader
2025-04-24 10:16:24,740 - Log4JLogChute initialized using file 'velocity.log'
2025-04-24 10:16:24,740 - Log4JLogChute initialized using file 'velocity.log'
2025-04-24 10:16:24,740 - Log4JLogChute initialized using file 'velocity.log'
2025-04-24 10:16:24,740 - Log4JLogChute initialized using file 'velocity.log'
2025-04-24 10:16:24,740 - Initializing Velocity, Calling init()...
2025-04-24 10:16:24,740 - Initializing Velocity, Calling init()...
2025-04-24 10:16:24,740 - Initializing Velocity, Calling init()...
2025-04-24 10:16:24,740 - Initializing Velocity, Calling init()...
2025-04-24 10:16:24,740 - Starting Apache Velocity v1.7 (compiled: 2010-11-19 12:14:37)
2025-04-24 10:16:24,740 - Starting Apache Velocity v1.7 (compiled: 2010-11-19 12:14:37)
2025-04-24 10:16:24,740 - Starting Apache Velocity v1.7 (compiled: 2010-11-19 12:14:37)
2025-04-24 10:16:24,740 - Starting Apache Velocity v1.7 (compiled: 2010-11-19 12:14:37)
2025-04-24 10:16:24,740 - Default Properties File: org\apache\velocity\runtime\defaults\velocity.properties
2025-04-24 10:16:24,740 - Default Properties File: org\apache\velocity\runtime\defaults\velocity.properties
2025-04-24 10:16:24,740 - Default Properties File: org\apache\velocity\runtime\defaults\velocity.properties
2025-04-24 10:16:24,740 - Default Properties File: org\apache\velocity\runtime\defaults\velocity.properties
2025-04-24 10:16:24,740 - Trying to use logger class org.apache.velocity.runtime.log.AvalonLogChute
2025-04-24 10:16:24,740 - Trying to use logger class org.apache.velocity.runtime.log.AvalonLogChute
2025-04-24 10:16:24,740 - Trying to use logger class org.apache.velocity.runtime.log.AvalonLogChute
2025-04-24 10:16:24,740 - Trying to use logger class org.apache.velocity.runtime.log.AvalonLogChute
2025-04-24 10:16:24,740 - Target log system for org.apache.velocity.runtime.log.AvalonLogChute is not available (java.lang.NoClassDefFoundError: org/apache/log/format/Formatter).  Falling back to next log system...
2025-04-24 10:16:24,740 - Target log system for org.apache.velocity.runtime.log.AvalonLogChute is not available (java.lang.NoClassDefFoundError: org/apache/log/format/Formatter).  Falling back to next log system...
2025-04-24 10:16:24,740 - Target log system for org.apache.velocity.runtime.log.AvalonLogChute is not available (java.lang.NoClassDefFoundError: org/apache/log/format/Formatter).  Falling back to next log system...
2025-04-24 10:16:24,740 - Target log system for org.apache.velocity.runtime.log.AvalonLogChute is not available (java.lang.NoClassDefFoundError: org/apache/log/format/Formatter).  Falling back to next log system...
2025-04-24 10:16:24,740 - Trying to use logger class org.apache.velocity.runtime.log.Log4JLogChute
2025-04-24 10:16:24,740 - Trying to use logger class org.apache.velocity.runtime.log.Log4JLogChute
2025-04-24 10:16:24,740 - Trying to use logger class org.apache.velocity.runtime.log.Log4JLogChute
2025-04-24 10:16:24,740 - Trying to use logger class org.apache.velocity.runtime.log.Log4JLogChute
2025-04-24 10:16:24,740 - Using logger class org.apache.velocity.runtime.log.Log4JLogChute
2025-04-24 10:16:24,740 - Using logger class org.apache.velocity.runtime.log.Log4JLogChute
2025-04-24 10:16:24,740 - Using logger class org.apache.velocity.runtime.log.Log4JLogChute
2025-04-24 10:16:24,740 - Using logger class org.apache.velocity.runtime.log.Log4JLogChute
2025-04-24 10:16:24,741 - ResourceLoader instantiated: org.apache.velocity.runtime.resource.loader.ClasspathResourceLoader
2025-04-24 10:16:24,741 - ResourceLoader instantiated: org.apache.velocity.runtime.resource.loader.ClasspathResourceLoader
2025-04-24 10:16:24,741 - ResourceLoader instantiated: org.apache.velocity.runtime.resource.loader.ClasspathResourceLoader
2025-04-24 10:16:24,741 - ResourceLoader instantiated: org.apache.velocity.runtime.resource.loader.ClasspathResourceLoader
2025-04-24 10:16:24,741 - ResourceCache: initialized (class org.apache.velocity.runtime.resource.ResourceCacheImpl) with class java.util.Collections$SynchronizedMap cache map.
2025-04-24 10:16:24,741 - ResourceCache: initialized (class org.apache.velocity.runtime.resource.ResourceCacheImpl) with class java.util.Collections$SynchronizedMap cache map.
2025-04-24 10:16:24,741 - ResourceCache: initialized (class org.apache.velocity.runtime.resource.ResourceCacheImpl) with class java.util.Collections$SynchronizedMap cache map.
2025-04-24 10:16:24,741 - ResourceCache: initialized (class org.apache.velocity.runtime.resource.ResourceCacheImpl) with class java.util.Collections$SynchronizedMap cache map.
2025-04-24 10:16:24,742 - Loaded System Directive: org.apache.velocity.runtime.directive.Stop
2025-04-24 10:16:24,742 - Loaded System Directive: org.apache.velocity.runtime.directive.Stop
2025-04-24 10:16:24,742 - Loaded System Directive: org.apache.velocity.runtime.directive.Stop
2025-04-24 10:16:24,742 - Loaded System Directive: org.apache.velocity.runtime.directive.Stop
2025-04-24 10:16:24,742 - Loaded System Directive: org.apache.velocity.runtime.directive.Define
2025-04-24 10:16:24,742 - Loaded System Directive: org.apache.velocity.runtime.directive.Define
2025-04-24 10:16:24,742 - Loaded System Directive: org.apache.velocity.runtime.directive.Define
2025-04-24 10:16:24,742 - Loaded System Directive: org.apache.velocity.runtime.directive.Define
2025-04-24 10:16:24,742 - Loaded System Directive: org.apache.velocity.runtime.directive.Break
2025-04-24 10:16:24,742 - Loaded System Directive: org.apache.velocity.runtime.directive.Break
2025-04-24 10:16:24,742 - Loaded System Directive: org.apache.velocity.runtime.directive.Break
2025-04-24 10:16:24,742 - Loaded System Directive: org.apache.velocity.runtime.directive.Break
2025-04-24 10:16:24,742 - Loaded System Directive: org.apache.velocity.runtime.directive.Evaluate
2025-04-24 10:16:24,742 - Loaded System Directive: org.apache.velocity.runtime.directive.Evaluate
2025-04-24 10:16:24,742 - Loaded System Directive: org.apache.velocity.runtime.directive.Evaluate
2025-04-24 10:16:24,742 - Loaded System Directive: org.apache.velocity.runtime.directive.Evaluate
2025-04-24 10:16:24,742 - Loaded System Directive: org.apache.velocity.runtime.directive.Literal
2025-04-24 10:16:24,742 - Loaded System Directive: org.apache.velocity.runtime.directive.Literal
2025-04-24 10:16:24,742 - Loaded System Directive: org.apache.velocity.runtime.directive.Literal
2025-04-24 10:16:24,742 - Loaded System Directive: org.apache.velocity.runtime.directive.Literal
2025-04-24 10:16:24,742 - Loaded System Directive: org.apache.velocity.runtime.directive.Macro
2025-04-24 10:16:24,742 - Loaded System Directive: org.apache.velocity.runtime.directive.Macro
2025-04-24 10:16:24,742 - Loaded System Directive: org.apache.velocity.runtime.directive.Macro
2025-04-24 10:16:24,742 - Loaded System Directive: org.apache.velocity.runtime.directive.Macro
2025-04-24 10:16:24,743 - Loaded System Directive: org.apache.velocity.runtime.directive.Parse
2025-04-24 10:16:24,743 - Loaded System Directive: org.apache.velocity.runtime.directive.Parse
2025-04-24 10:16:24,743 - Loaded System Directive: org.apache.velocity.runtime.directive.Parse
2025-04-24 10:16:24,743 - Loaded System Directive: org.apache.velocity.runtime.directive.Parse
2025-04-24 10:16:24,743 - Loaded System Directive: org.apache.velocity.runtime.directive.Include
2025-04-24 10:16:24,743 - Loaded System Directive: org.apache.velocity.runtime.directive.Include
2025-04-24 10:16:24,743 - Loaded System Directive: org.apache.velocity.runtime.directive.Include
2025-04-24 10:16:24,743 - Loaded System Directive: org.apache.velocity.runtime.directive.Include
2025-04-24 10:16:24,743 - Loaded System Directive: org.apache.velocity.runtime.directive.Foreach
2025-04-24 10:16:24,743 - Loaded System Directive: org.apache.velocity.runtime.directive.Foreach
2025-04-24 10:16:24,743 - Loaded System Directive: org.apache.velocity.runtime.directive.Foreach
2025-04-24 10:16:24,743 - Loaded System Directive: org.apache.velocity.runtime.directive.Foreach
2025-04-24 10:16:24,744 - Created '20' parsers.
2025-04-24 10:16:24,744 - Created '20' parsers.
2025-04-24 10:16:24,744 - Created '20' parsers.
2025-04-24 10:16:24,744 - Created '20' parsers.
2025-04-24 10:16:24,744 - Velocimacro : "velocimacro.library" is not set.  Trying default library: VM_global_library.vm
2025-04-24 10:16:24,744 - Velocimacro : "velocimacro.library" is not set.  Trying default library: VM_global_library.vm
2025-04-24 10:16:24,744 - Velocimacro : "velocimacro.library" is not set.  Trying default library: VM_global_library.vm
2025-04-24 10:16:24,744 - Velocimacro : "velocimacro.library" is not set.  Trying default library: VM_global_library.vm
2025-04-24 10:16:24,745 - Could not load resource 'VM_global_library.vm' from ResourceLoader org.apache.velocity.runtime.resource.loader.ClasspathResourceLoader: ClasspathResourceLoader Error: cannot find resource VM_global_library.vm
2025-04-24 10:16:24,745 - Could not load resource 'VM_global_library.vm' from ResourceLoader org.apache.velocity.runtime.resource.loader.ClasspathResourceLoader: ClasspathResourceLoader Error: cannot find resource VM_global_library.vm
2025-04-24 10:16:24,745 - Could not load resource 'VM_global_library.vm' from ResourceLoader org.apache.velocity.runtime.resource.loader.ClasspathResourceLoader: ClasspathResourceLoader Error: cannot find resource VM_global_library.vm
2025-04-24 10:16:24,745 - Could not load resource 'VM_global_library.vm' from ResourceLoader org.apache.velocity.runtime.resource.loader.ClasspathResourceLoader: ClasspathResourceLoader Error: cannot find resource VM_global_library.vm
2025-04-24 10:16:24,745 - Velocimacro : Default library not found.
2025-04-24 10:16:24,745 - Velocimacro : Default library not found.
2025-04-24 10:16:24,745 - Velocimacro : Default library not found.
2025-04-24 10:16:24,745 - Velocimacro : Default library not found.
2025-04-24 10:16:24,745 - Velocimacro : allowInline = true : VMs can be defined inline in templates
2025-04-24 10:16:24,745 - Velocimacro : allowInline = true : VMs can be defined inline in templates
2025-04-24 10:16:24,745 - Velocimacro : allowInline = true : VMs can be defined inline in templates
2025-04-24 10:16:24,745 - Velocimacro : allowInline = true : VMs can be defined inline in templates
2025-04-24 10:16:24,745 - Velocimacro : allowInlineToOverride = false : VMs defined inline may NOT replace previous VM definitions
2025-04-24 10:16:24,745 - Velocimacro : allowInlineToOverride = false : VMs defined inline may NOT replace previous VM definitions
2025-04-24 10:16:24,745 - Velocimacro : allowInlineToOverride = false : VMs defined inline may NOT replace previous VM definitions
2025-04-24 10:16:24,745 - Velocimacro : allowInlineToOverride = false : VMs defined inline may NOT replace previous VM definitions
2025-04-24 10:16:24,745 - Velocimacro : allowInlineLocal = false : VMs defined inline will be global in scope if allowed.
2025-04-24 10:16:24,745 - Velocimacro : allowInlineLocal = false : VMs defined inline will be global in scope if allowed.
2025-04-24 10:16:24,745 - Velocimacro : allowInlineLocal = false : VMs defined inline will be global in scope if allowed.
2025-04-24 10:16:24,745 - Velocimacro : allowInlineLocal = false : VMs defined inline will be global in scope if allowed.
2025-04-24 10:16:24,745 - Velocimacro : autoload off : VM system will not automatically reload global library macros
2025-04-24 10:16:24,745 - Velocimacro : autoload off : VM system will not automatically reload global library macros
2025-04-24 10:16:24,745 - Velocimacro : autoload off : VM system will not automatically reload global library macros
2025-04-24 10:16:24,745 - Velocimacro : autoload off : VM system will not automatically reload global library macros
2025-04-24 10:16:24,746 - ResourceManager : found templates/layout.vtl with loader org.apache.velocity.runtime.resource.loader.ClasspathResourceLoader
2025-04-24 10:16:24,746 - ResourceManager : found templates/layout.vtl with loader org.apache.velocity.runtime.resource.loader.ClasspathResourceLoader
2025-04-24 10:16:24,746 - ResourceManager : found templates/layout.vtl with loader org.apache.velocity.runtime.resource.loader.ClasspathResourceLoader
2025-04-24 10:16:24,746 - ResourceManager : found templates/layout.vtl with loader org.apache.velocity.runtime.resource.loader.ClasspathResourceLoader
2025-04-24 10:16:24,748 - ResourceManager : found templates/ejercicio4.vtl with loader org.apache.velocity.runtime.resource.loader.ClasspathResourceLoader
2025-04-24 10:16:24,748 - ResourceManager : found templates/ejercicio4.vtl with loader org.apache.velocity.runtime.resource.loader.ClasspathResourceLoader
2025-04-24 10:16:24,748 - ResourceManager : found templates/ejercicio4.vtl with loader org.apache.velocity.runtime.resource.loader.ClasspathResourceLoader
2025-04-24 10:16:24,748 - ResourceManager : found templates/ejercicio4.vtl with loader org.apache.velocity.runtime.resource.loader.ClasspathResourceLoader
2025-04-24 10:17:02,839 - Log4JLogChute initialized using file 'velocity.log'
2025-04-24 10:17:02,839 - Log4JLogChute initialized using file 'velocity.log'
2025-04-24 10:17:02,839 - Log4JLogChute initialized using file 'velocity.log'
2025-04-24 10:17:02,839 - Log4JLogChute initialized using file 'velocity.log'
2025-04-24 10:17:02,839 - Log4JLogChute initialized using file 'velocity.log'
2025-04-24 10:17:02,840 - Initializing Velocity, Calling init()...
2025-04-24 10:17:02,840 - Initializing Velocity, Calling init()...
2025-04-24 10:17:02,840 - Initializing Velocity, Calling init()...
2025-04-24 10:17:02,840 - Initializing Velocity, Calling init()...
2025-04-24 10:17:02,840 - Initializing Velocity, Calling init()...
2025-04-24 10:17:02,840 - Starting Apache Velocity v1.7 (compiled: 2010-11-19 12:14:37)
2025-04-24 10:17:02,840 - Starting Apache Velocity v1.7 (compiled: 2010-11-19 12:14:37)
2025-04-24 10:17:02,840 - Starting Apache Velocity v1.7 (compiled: 2010-11-19 12:14:37)
2025-04-24 10:17:02,840 - Starting Apache Velocity v1.7 (compiled: 2010-11-19 12:14:37)
2025-04-24 10:17:02,840 - Starting Apache Velocity v1.7 (compiled: 2010-11-19 12:14:37)
2025-04-24 10:17:02,840 - Default Properties File: org\apache\velocity\runtime\defaults\velocity.properties
2025-04-24 10:17:02,840 - Default Properties File: org\apache\velocity\runtime\defaults\velocity.properties
2025-04-24 10:17:02,840 - Default Properties File: org\apache\velocity\runtime\defaults\velocity.properties
2025-04-24 10:17:02,840 - Default Properties File: org\apache\velocity\runtime\defaults\velocity.properties
2025-04-24 10:17:02,840 - Default Properties File: org\apache\velocity\runtime\defaults\velocity.properties
2025-04-24 10:17:02,840 - Trying to use logger class org.apache.velocity.runtime.log.AvalonLogChute
2025-04-24 10:17:02,840 - Trying to use logger class org.apache.velocity.runtime.log.AvalonLogChute
2025-04-24 10:17:02,840 - Trying to use logger class org.apache.velocity.runtime.log.AvalonLogChute
2025-04-24 10:17:02,840 - Trying to use logger class org.apache.velocity.runtime.log.AvalonLogChute
2025-04-24 10:17:02,840 - Trying to use logger class org.apache.velocity.runtime.log.AvalonLogChute
2025-04-24 10:17:02,840 - Target log system for org.apache.velocity.runtime.log.AvalonLogChute is not available (java.lang.NoClassDefFoundError: org/apache/log/format/Formatter).  Falling back to next log system...
2025-04-24 10:17:02,840 - Target log system for org.apache.velocity.runtime.log.AvalonLogChute is not available (java.lang.NoClassDefFoundError: org/apache/log/format/Formatter).  Falling back to next log system...
2025-04-24 10:17:02,840 - Target log system for org.apache.velocity.runtime.log.AvalonLogChute is not available (java.lang.NoClassDefFoundError: org/apache/log/format/Formatter).  Falling back to next log system...
2025-04-24 10:17:02,840 - Target log system for org.apache.velocity.runtime.log.AvalonLogChute is not available (java.lang.NoClassDefFoundError: org/apache/log/format/Formatter).  Falling back to next log system...
2025-04-24 10:17:02,840 - Target log system for org.apache.velocity.runtime.log.AvalonLogChute is not available (java.lang.NoClassDefFoundError: org/apache/log/format/Formatter).  Falling back to next log system...
2025-04-24 10:17:02,840 - Trying to use logger class org.apache.velocity.runtime.log.Log4JLogChute
2025-04-24 10:17:02,840 - Trying to use logger class org.apache.velocity.runtime.log.Log4JLogChute
2025-04-24 10:17:02,840 - Trying to use logger class org.apache.velocity.runtime.log.Log4JLogChute
2025-04-24 10:17:02,840 - Trying to use logger class org.apache.velocity.runtime.log.Log4JLogChute
2025-04-24 10:17:02,840 - Trying to use logger class org.apache.velocity.runtime.log.Log4JLogChute
2025-04-24 10:17:02,840 - Using logger class org.apache.velocity.runtime.log.Log4JLogChute
2025-04-24 10:17:02,840 - Using logger class org.apache.velocity.runtime.log.Log4JLogChute
2025-04-24 10:17:02,840 - Using logger class org.apache.velocity.runtime.log.Log4JLogChute
2025-04-24 10:17:02,840 - Using logger class org.apache.velocity.runtime.log.Log4JLogChute
2025-04-24 10:17:02,840 - Using logger class org.apache.velocity.runtime.log.Log4JLogChute
2025-04-24 10:17:02,840 - ResourceLoader instantiated: org.apache.velocity.runtime.resource.loader.ClasspathResourceLoader
2025-04-24 10:17:02,840 - ResourceLoader instantiated: org.apache.velocity.runtime.resource.loader.ClasspathResourceLoader
2025-04-24 10:17:02,840 - ResourceLoader instantiated: org.apache.velocity.runtime.resource.loader.ClasspathResourceLoader
2025-04-24 10:17:02,840 - ResourceLoader instantiated: org.apache.velocity.runtime.resource.loader.ClasspathResourceLoader
2025-04-24 10:17:02,840 - ResourceLoader instantiated: org.apache.velocity.runtime.resource.loader.ClasspathResourceLoader
2025-04-24 10:17:02,840 - ResourceCache: initialized (class org.apache.velocity.runtime.resource.ResourceCacheImpl) with class java.util.Collections$SynchronizedMap cache map.
2025-04-24 10:17:02,840 - ResourceCache: initialized (class org.apache.velocity.runtime.resource.ResourceCacheImpl) with class java.util.Collections$SynchronizedMap cache map.
2025-04-24 10:17:02,840 - ResourceCache: initialized (class org.apache.velocity.runtime.resource.ResourceCacheImpl) with class java.util.Collections$SynchronizedMap cache map.
2025-04-24 10:17:02,840 - ResourceCache: initialized (class org.apache.velocity.runtime.resource.ResourceCacheImpl) with class java.util.Collections$SynchronizedMap cache map.
2025-04-24 10:17:02,840 - ResourceCache: initialized (class org.apache.velocity.runtime.resource.ResourceCacheImpl) with class java.util.Collections$SynchronizedMap cache map.
2025-04-24 10:17:02,840 - Loaded System Directive: org.apache.velocity.runtime.directive.Stop
2025-04-24 10:17:02,840 - Loaded System Directive: org.apache.velocity.runtime.directive.Stop
2025-04-24 10:17:02,840 - Loaded System Directive: org.apache.velocity.runtime.directive.Stop
2025-04-24 10:17:02,840 - Loaded System Directive: org.apache.velocity.runtime.directive.Stop
2025-04-24 10:17:02,840 - Loaded System Directive: org.apache.velocity.runtime.directive.Stop
2025-04-24 10:17:02,840 - Loaded System Directive: org.apache.velocity.runtime.directive.Define
2025-04-24 10:17:02,840 - Loaded System Directive: org.apache.velocity.runtime.directive.Define
2025-04-24 10:17:02,840 - Loaded System Directive: org.apache.velocity.runtime.directive.Define
2025-04-24 10:17:02,840 - Loaded System Directive: org.apache.velocity.runtime.directive.Define
2025-04-24 10:17:02,840 - Loaded System Directive: org.apache.velocity.runtime.directive.Define
2025-04-24 10:17:02,840 - Loaded System Directive: org.apache.velocity.runtime.directive.Break
2025-04-24 10:17:02,840 - Loaded System Directive: org.apache.velocity.runtime.directive.Break
2025-04-24 10:17:02,840 - Loaded System Directive: org.apache.velocity.runtime.directive.Break
2025-04-24 10:17:02,840 - Loaded System Directive: org.apache.velocity.runtime.directive.Break
2025-04-24 10:17:02,840 - Loaded System Directive: org.apache.velocity.runtime.directive.Break
2025-04-24 10:17:02,842 - Loaded System Directive: org.apache.velocity.runtime.directive.Evaluate
2025-04-24 10:17:02,842 - Loaded System Directive: org.apache.velocity.runtime.directive.Evaluate
2025-04-24 10:17:02,842 - Loaded System Directive: org.apache.velocity.runtime.directive.Evaluate
2025-04-24 10:17:02,842 - Loaded System Directive: org.apache.velocity.runtime.directive.Evaluate
2025-04-24 10:17:02,842 - Loaded System Directive: org.apache.velocity.runtime.directive.Evaluate
2025-04-24 10:17:02,842 - Loaded System Directive: org.apache.velocity.runtime.directive.Literal
2025-04-24 10:17:02,842 - Loaded System Directive: org.apache.velocity.runtime.directive.Literal
2025-04-24 10:17:02,842 - Loaded System Directive: org.apache.velocity.runtime.directive.Literal
2025-04-24 10:17:02,842 - Loaded System Directive: org.apache.velocity.runtime.directive.Literal
2025-04-24 10:17:02,842 - Loaded System Directive: org.apache.velocity.runtime.directive.Literal
2025-04-24 10:17:02,842 - Loaded System Directive: org.apache.velocity.runtime.directive.Macro
2025-04-24 10:17:02,842 - Loaded System Directive: org.apache.velocity.runtime.directive.Macro
2025-04-24 10:17:02,842 - Loaded System Directive: org.apache.velocity.runtime.directive.Macro
2025-04-24 10:17:02,842 - Loaded System Directive: org.apache.velocity.runtime.directive.Macro
2025-04-24 10:17:02,842 - Loaded System Directive: org.apache.velocity.runtime.directive.Macro
2025-04-24 10:17:02,842 - Loaded System Directive: org.apache.velocity.runtime.directive.Parse
2025-04-24 10:17:02,842 - Loaded System Directive: org.apache.velocity.runtime.directive.Parse
2025-04-24 10:17:02,842 - Loaded System Directive: org.apache.velocity.runtime.directive.Parse
2025-04-24 10:17:02,842 - Loaded System Directive: org.apache.velocity.runtime.directive.Parse
2025-04-24 10:17:02,842 - Loaded System Directive: org.apache.velocity.runtime.directive.Parse
2025-04-24 10:17:02,842 - Loaded System Directive: org.apache.velocity.runtime.directive.Include
2025-04-24 10:17:02,842 - Loaded System Directive: org.apache.velocity.runtime.directive.Include
2025-04-24 10:17:02,842 - Loaded System Directive: org.apache.velocity.runtime.directive.Include
2025-04-24 10:17:02,842 - Loaded System Directive: org.apache.velocity.runtime.directive.Include
2025-04-24 10:17:02,842 - Loaded System Directive: org.apache.velocity.runtime.directive.Include
2025-04-24 10:17:02,842 - Loaded System Directive: org.apache.velocity.runtime.directive.Foreach
2025-04-24 10:17:02,842 - Loaded System Directive: org.apache.velocity.runtime.directive.Foreach
2025-04-24 10:17:02,842 - Loaded System Directive: org.apache.velocity.runtime.directive.Foreach
2025-04-24 10:17:02,842 - Loaded System Directive: org.apache.velocity.runtime.directive.Foreach
2025-04-24 10:17:02,842 - Loaded System Directive: org.apache.velocity.runtime.directive.Foreach
2025-04-24 10:17:02,843 - Created '20' parsers.
2025-04-24 10:17:02,843 - Created '20' parsers.
2025-04-24 10:17:02,843 - Created '20' parsers.
2025-04-24 10:17:02,843 - Created '20' parsers.
2025-04-24 10:17:02,843 - Created '20' parsers.
2025-04-24 10:17:02,843 - Velocimacro : "velocimacro.library" is not set.  Trying default library: VM_global_library.vm
2025-04-24 10:17:02,843 - Velocimacro : "velocimacro.library" is not set.  Trying default library: VM_global_library.vm
2025-04-24 10:17:02,843 - Velocimacro : "velocimacro.library" is not set.  Trying default library: VM_global_library.vm
2025-04-24 10:17:02,843 - Velocimacro : "velocimacro.library" is not set.  Trying default library: VM_global_library.vm
2025-04-24 10:17:02,843 - Velocimacro : "velocimacro.library" is not set.  Trying default library: VM_global_library.vm
2025-04-24 10:17:02,843 - Could not load resource 'VM_global_library.vm' from ResourceLoader org.apache.velocity.runtime.resource.loader.ClasspathResourceLoader: ClasspathResourceLoader Error: cannot find resource VM_global_library.vm
2025-04-24 10:17:02,843 - Could not load resource 'VM_global_library.vm' from ResourceLoader org.apache.velocity.runtime.resource.loader.ClasspathResourceLoader: ClasspathResourceLoader Error: cannot find resource VM_global_library.vm
2025-04-24 10:17:02,843 - Could not load resource 'VM_global_library.vm' from ResourceLoader org.apache.velocity.runtime.resource.loader.ClasspathResourceLoader: ClasspathResourceLoader Error: cannot find resource VM_global_library.vm
2025-04-24 10:17:02,843 - Could not load resource 'VM_global_library.vm' from ResourceLoader org.apache.velocity.runtime.resource.loader.ClasspathResourceLoader: ClasspathResourceLoader Error: cannot find resource VM_global_library.vm
2025-04-24 10:17:02,843 - Could not load resource 'VM_global_library.vm' from ResourceLoader org.apache.velocity.runtime.resource.loader.ClasspathResourceLoader: ClasspathResourceLoader Error: cannot find resource VM_global_library.vm
2025-04-24 10:17:02,843 - Velocimacro : Default library not found.
2025-04-24 10:17:02,843 - Velocimacro : Default library not found.
2025-04-24 10:17:02,843 - Velocimacro : Default library not found.
2025-04-24 10:17:02,843 - Velocimacro : Default library not found.
2025-04-24 10:17:02,843 - Velocimacro : Default library not found.
2025-04-24 10:17:02,843 - Velocimacro : allowInline = true : VMs can be defined inline in templates
2025-04-24 10:17:02,843 - Velocimacro : allowInline = true : VMs can be defined inline in templates
2025-04-24 10:17:02,843 - Velocimacro : allowInline = true : VMs can be defined inline in templates
2025-04-24 10:17:02,843 - Velocimacro : allowInline = true : VMs can be defined inline in templates
2025-04-24 10:17:02,843 - Velocimacro : allowInline = true : VMs can be defined inline in templates
2025-04-24 10:17:02,843 - Velocimacro : allowInlineToOverride = false : VMs defined inline may NOT replace previous VM definitions
2025-04-24 10:17:02,843 - Velocimacro : allowInlineToOverride = false : VMs defined inline may NOT replace previous VM definitions
2025-04-24 10:17:02,843 - Velocimacro : allowInlineToOverride = false : VMs defined inline may NOT replace previous VM definitions
2025-04-24 10:17:02,843 - Velocimacro : allowInlineToOverride = false : VMs defined inline may NOT replace previous VM definitions
2025-04-24 10:17:02,843 - Velocimacro : allowInlineToOverride = false : VMs defined inline may NOT replace previous VM definitions
2025-04-24 10:17:02,843 - Velocimacro : allowInlineLocal = false : VMs defined inline will be global in scope if allowed.
2025-04-24 10:17:02,843 - Velocimacro : allowInlineLocal = false : VMs defined inline will be global in scope if allowed.
2025-04-24 10:17:02,843 - Velocimacro : allowInlineLocal = false : VMs defined inline will be global in scope if allowed.
2025-04-24 10:17:02,843 - Velocimacro : allowInlineLocal = false : VMs defined inline will be global in scope if allowed.
2025-04-24 10:17:02,843 - Velocimacro : allowInlineLocal = false : VMs defined inline will be global in scope if allowed.
2025-04-24 10:17:02,843 - Velocimacro : autoload off : VM system will not automatically reload global library macros
2025-04-24 10:17:02,843 - Velocimacro : autoload off : VM system will not automatically reload global library macros
2025-04-24 10:17:02,843 - Velocimacro : autoload off : VM system will not automatically reload global library macros
2025-04-24 10:17:02,843 - Velocimacro : autoload off : VM system will not automatically reload global library macros
2025-04-24 10:17:02,843 - Velocimacro : autoload off : VM system will not automatically reload global library macros
2025-04-24 10:17:02,845 - ResourceManager : found templates/layout.vtl with loader org.apache.velocity.runtime.resource.loader.ClasspathResourceLoader
2025-04-24 10:17:02,845 - ResourceManager : found templates/layout.vtl with loader org.apache.velocity.runtime.resource.loader.ClasspathResourceLoader
2025-04-24 10:17:02,845 - ResourceManager : found templates/layout.vtl with loader org.apache.velocity.runtime.resource.loader.ClasspathResourceLoader
2025-04-24 10:17:02,845 - ResourceManager : found templates/layout.vtl with loader org.apache.velocity.runtime.resource.loader.ClasspathResourceLoader
2025-04-24 10:17:02,845 - ResourceManager : found templates/layout.vtl with loader org.apache.velocity.runtime.resource.loader.ClasspathResourceLoader
2025-04-24 10:17:02,846 - ResourceManager : found templates/ejercicio4.vtl with loader org.apache.velocity.runtime.resource.loader.ClasspathResourceLoader
2025-04-24 10:17:02,846 - ResourceManager : found templates/ejercicio4.vtl with loader org.apache.velocity.runtime.resource.loader.ClasspathResourceLoader
2025-04-24 10:17:02,846 - ResourceManager : found templates/ejercicio4.vtl with loader org.apache.velocity.runtime.resource.loader.ClasspathResourceLoader
2025-04-24 10:17:02,846 - ResourceManager : found templates/ejercicio4.vtl with loader org.apache.velocity.runtime.resource.loader.ClasspathResourceLoader
2025-04-24 10:17:02,846 - ResourceManager : found templates/ejercicio4.vtl with loader org.apache.velocity.runtime.resource.loader.ClasspathResourceLoader
